2024-12-02 21:00:07.783 [info] [main] Log level: Info
2024-12-02 21:00:07.783 [info] [main] Validating found git in: "git"
2024-12-02 21:00:07.783 [info] [main] Using git "2.45.2" from "git"
2024-12-02 21:00:07.783 [info] [Model][doInitialScan] Initial repository scan started
2024-12-02 21:00:07.783 [info] > git rev-parse --show-toplevel [4ms]
2024-12-02 21:00:07.783 [info] > git rev-parse --git-dir --git-common-dir [2ms]
2024-12-02 21:00:07.783 [info] [Model][openRepository] Opened repository: /home/a7z1lu7h/d35kT0p/r3p0s/47z1Lu7h.github.io
2024-12-02 21:00:07.794 [info] > git rev-parse --show-toplevel [2ms]
2024-12-02 21:00:07.794 [info] > git config --get commit.template [6ms]
2024-12-02 21:00:07.805 [info] > git for-each-ref --format=%(refname)%00%(upstream:short)%00%(objectname)%00%(upstream:track)%00%(upstream:remotename)%00%(upstream:remoteref) refs/heads/master refs/remotes/master [5ms]
2024-12-02 21:00:07.806 [info] > git rev-parse --show-toplevel [1ms]
2024-12-02 21:00:07.821 [info] > git status -z -uall [6ms]
2024-12-02 21:00:07.821 [info] > git rev-parse --show-toplevel [11ms]
2024-12-02 21:00:07.827 [info] > git for-each-ref --sort -committerdate --format %(refname) %(objectname) %(*objectname) [7ms]
2024-12-02 21:00:07.841 [info] > git for-each-ref --format=%(refname)%00%(upstream:short)%00%(objectname)%00%(upstream:track)%00%(upstream:remotename)%00%(upstream:remoteref) refs/heads/master refs/remotes/master [7ms]
2024-12-02 21:00:07.846 [info] > git rev-parse --show-toplevel [20ms]
2024-12-02 21:00:07.852 [info] > git config --local branch.master.vscode-merge-base [6ms]
2024-12-02 21:00:07.857 [info] > git config --get commit.template [16ms]
2024-12-02 21:00:07.858 [info] > git for-each-ref --format=%(refname)%00%(upstream:short)%00%(objectname)%00%(upstream:track)%00%(upstream:remotename)%00%(upstream:remoteref) refs/heads/origin/master refs/remotes/origin/master [1ms]
2024-12-02 21:00:07.870 [info] > git rev-parse --show-toplevel [19ms]
2024-12-02 21:00:07.902 [info] > git merge-base refs/heads/master refs/remotes/origin/master [38ms]
2024-12-02 21:00:07.920 [info] > git diff --name-status -z --diff-filter=ADMR b14741dc0e887e783ce98b8dbb1ad5dc6547ff2a...refs/remotes/origin/master [13ms]
2024-12-02 21:00:07.920 [info] > git rev-parse --show-toplevel [21ms]
2024-12-02 21:00:07.920 [info] > git for-each-ref --format=%(refname)%00%(upstream:short)%00%(objectname)%00%(upstream:track)%00%(upstream:remotename)%00%(upstream:remoteref) refs/heads/master refs/remotes/master [25ms]
2024-12-02 21:00:07.927 [info] > git rev-parse --show-toplevel [1ms]
2024-12-02 21:00:07.946 [info] > git status -z -uall [13ms]
2024-12-02 21:00:07.946 [info] > git for-each-ref --sort -committerdate --format %(refname) %(objectname) %(*objectname) [9ms]
2024-12-02 21:00:07.948 [info] > git rev-parse --show-toplevel [6ms]
2024-12-02 21:00:07.954 [info] > git rev-parse --show-toplevel [1ms]
2024-12-02 21:00:07.958 [info] > git rev-parse --show-toplevel [0ms]
2024-12-02 21:00:07.963 [info] > git rev-parse --show-toplevel [1ms]
2024-12-02 21:00:07.967 [info] > git rev-parse --show-toplevel [1ms]
2024-12-02 21:00:07.971 [info] > git rev-parse --show-toplevel [1ms]
2024-12-02 21:00:07.973 [info] [Model][doInitialScan] Initial repository scan completed - repositories (1), closed repositories (0), parent repositories (0), unsafe repositories (0)
2024-12-02 21:00:08.121 [info] > git show --textconv :_posts/2018-07-01-welcome.md [5ms]
2024-12-02 21:00:08.121 [info] > git ls-files --stage -- /home/a7z1lu7h/d35kT0p/r3p0s/47z1Lu7h.github.io/_posts/2018-07-01-welcome.md [1ms]
2024-12-02 21:00:08.126 [info] > git cat-file -s 5760d9c42617f0f420042da7ba048804a7319b0d [0ms]
2024-12-02 21:00:08.302 [info] > git check-ignore -v -z --stdin [1ms]
2024-12-02 21:00:26.597 [info] > git check-ignore -v -z --stdin [1ms]
2024-12-02 21:00:40.674 [info] > git check-ignore -v -z --stdin [1ms]
2024-12-02 21:00:45.956 [info] > git check-ignore -v -z --stdin [1ms]
2024-12-02 21:01:01.519 [info] > git show --textconv :.stylelintrc [5ms]
2024-12-02 21:01:01.519 [info] > git ls-files --stage -- /home/a7z1lu7h/d35kT0p/r3p0s/47z1Lu7h.github.io/.stylelintrc [1ms]
2024-12-02 21:01:01.524 [info] > git cat-file -s 28df0f66a7245c68163ab0dd6b193690d73e3d4c [1ms]
2024-12-02 21:01:14.531 [info] > git show --textconv :_data/variables.yml [5ms]
2024-12-02 21:01:14.532 [info] > git ls-files --stage -- /home/a7z1lu7h/d35kT0p/r3p0s/47z1Lu7h.github.io/_data/variables.yml [1ms]
2024-12-02 21:01:14.537 [info] > git cat-file -s 43aa3aaf4fe05f302d53e6a71f90448c56ed5731 [1ms]
2024-12-02 21:01:29.688 [info] > git check-ignore -v -z --stdin [0ms]
2024-12-02 21:01:31.161 [info] > git check-ignore -v -z --stdin [1ms]
2024-12-02 21:01:36.886 [info] > git check-ignore -v -z --stdin [1ms]
2024-12-02 21:01:37.995 [info] > git check-ignore -v -z --stdin [1ms]
2024-12-02 21:01:38.610 [info] > git check-ignore -v -z --stdin [0ms]
2024-12-02 21:01:39.453 [info] > git check-ignore -v -z --stdin [1ms]
2024-12-02 21:01:41.109 [info] > git check-ignore -v -z --stdin [1ms]
2024-12-02 21:01:42.806 [info] > git check-ignore -v -z --stdin [1ms]
2024-12-02 21:01:44.175 [info] > git check-ignore -v -z --stdin [0ms]
2024-12-02 21:01:49.469 [info] > git check-ignore -v -z --stdin [1ms]
2024-12-02 21:01:50.266 [info] > git check-ignore -v -z --stdin [1ms]
2024-12-02 21:01:51.455 [info] > git check-ignore -v -z --stdin [1ms]
2024-12-02 21:01:52.712 [info] > git check-ignore -v -z --stdin [1ms]
2024-12-02 21:02:02.829 [info] > git show --textconv :docs/_docs/zh/2.1-configuration.md [5ms]
2024-12-02 21:02:02.829 [info] > git ls-files --stage -- /home/a7z1lu7h/d35kT0p/r3p0s/47z1Lu7h.github.io/docs/_docs/zh/2.1-configuration.md [1ms]
2024-12-02 21:02:02.835 [info] > git cat-file -s b752f2c3722ef4ca9c40920f293dd15c47f3c621 [1ms]
2024-12-02 21:02:03.094 [info] > git check-ignore -v -z --stdin [1ms]
2024-12-02 21:02:12.050 [info] > git show --textconv :test/_data/variables.yml [6ms]
2024-12-02 21:02:12.050 [info] > git ls-files --stage -- /home/a7z1lu7h/d35kT0p/r3p0s/47z1Lu7h.github.io/test/_data/variables.yml [1ms]
2024-12-02 21:02:12.055 [info] > git cat-file -s 43aa3aaf4fe05f302d53e6a71f90448c56ed5731 [0ms]
2024-12-02 21:02:12.335 [info] > git check-ignore -v -z --stdin [1ms]
2024-12-02 21:02:13.251 [info] > git show --textconv :docs/_docs/zh/2.1-configuration.md [5ms]
2024-12-02 21:02:13.252 [info] > git ls-files --stage -- /home/a7z1lu7h/d35kT0p/r3p0s/47z1Lu7h.github.io/docs/_docs/zh/2.1-configuration.md [1ms]
2024-12-02 21:02:13.257 [info] > git cat-file -s b752f2c3722ef4ca9c40920f293dd15c47f3c621 [0ms]
2024-12-02 21:02:15.848 [info] > git show --textconv :docs/_docs/en/4.9-swiper.md [5ms]
2024-12-02 21:02:15.849 [info] > git ls-files --stage -- /home/a7z1lu7h/d35kT0p/r3p0s/47z1Lu7h.github.io/docs/_docs/en/4.9-swiper.md [1ms]
2024-12-02 21:02:15.855 [info] > git cat-file -s cee99cddf02e5779d5f0f0d18a1a9e33b454081b [1ms]
2024-12-02 21:02:16.098 [info] > git check-ignore -v -z --stdin [1ms]
2024-12-02 21:02:23.794 [info] > git show --textconv :docs/_docs/en/4.3-icons.md [5ms]
2024-12-02 21:02:23.795 [info] > git ls-files --stage -- /home/a7z1lu7h/d35kT0p/r3p0s/47z1Lu7h.github.io/docs/_docs/en/4.3-icons.md [1ms]
2024-12-02 21:02:23.800 [info] > git cat-file -s 917004a7bbdcef157c644d526a4a0a24726e7457 [1ms]
2024-12-02 21:02:29.489 [info] > git show --textconv :_includes/scripts/variables.html [5ms]
2024-12-02 21:02:29.489 [info] > git ls-files --stage -- /home/a7z1lu7h/d35kT0p/r3p0s/47z1Lu7h.github.io/_includes/scripts/variables.html [0ms]
2024-12-02 21:02:29.495 [info] > git cat-file -s 5bd1770354ecec9b6b461014d674476f7d314eaf [1ms]
2024-12-02 21:02:29.775 [info] > git check-ignore -v -z --stdin [1ms]
2024-12-02 21:02:32.663 [info] > git show --textconv :_includes/head.html [6ms]
2024-12-02 21:02:32.663 [info] > git ls-files --stage -- /home/a7z1lu7h/d35kT0p/r3p0s/47z1Lu7h.github.io/_includes/head.html [1ms]
2024-12-02 21:02:32.669 [info] > git cat-file -s 35a3b193e969163b9c6502db937919b356aafbcb [1ms]
2024-12-02 21:02:36.650 [info] > git show --textconv :_includes/scripts/variables.html [6ms]
2024-12-02 21:02:36.651 [info] > git ls-files --stage -- /home/a7z1lu7h/d35kT0p/r3p0s/47z1Lu7h.github.io/_includes/scripts/variables.html [1ms]
2024-12-02 21:02:36.656 [info] > git cat-file -s 5bd1770354ecec9b6b461014d674476f7d314eaf [1ms]
2024-12-02 21:02:40.362 [info] > git show --textconv :_data/variables.yml [7ms]
2024-12-02 21:02:40.363 [info] > git ls-files --stage -- /home/a7z1lu7h/d35kT0p/r3p0s/47z1Lu7h.github.io/_data/variables.yml [1ms]
2024-12-02 21:02:40.368 [info] > git cat-file -s 43aa3aaf4fe05f302d53e6a71f90448c56ed5731 [1ms]
2024-12-02 21:21:47.934 [info] > git log --format=%H%n%aN%n%aE%n%at%n%ct%n%P%n%D%n%B -z --shortstat --diff-merges=first-parent -n50 --skip=0 --topo-order --decorate=full --stdin [29ms]
2024-12-02 21:23:57.665 [info] > git config --local branch.master.github-pr-owner-number [2ms]
2024-12-02 21:23:57.665 [warning] [Git][config] git config failed: Failed to execute git
2024-12-02 21:25:05.525 [info] > git config --local branch.master.github-pr-owner-number [1ms]
2024-12-02 21:25:05.525 [warning] [Git][config] git config failed: Failed to execute git
2024-12-02 21:25:05.548 [info] > git config --local branch.master.github-pr-owner-number [1ms]
2024-12-02 21:25:05.548 [warning] [Git][config] git config failed: Failed to execute git
2024-12-02 21:26:18.781 [info] [main] Log level: Info
2024-12-02 21:26:18.781 [info] [main] Validating found git in: "git"
2024-12-02 21:26:18.781 [info] [main] Using git "2.45.2" from "git"
2024-12-02 21:26:18.781 [info] [Model][doInitialScan] Initial repository scan started
2024-12-02 21:26:18.781 [info] > git rev-parse --show-toplevel [5ms]
2024-12-02 21:26:18.794 [info] > git rev-parse --git-dir --git-common-dir [8ms]
2024-12-02 21:26:18.799 [info] [Model][openRepository] Opened repository: /home/a7z1lu7h/d35kT0p/r3p0s/47z1Lu7h.github.io
2024-12-02 21:26:18.809 [info] > git config --get commit.template [3ms]
2024-12-02 21:26:18.818 [info] > git for-each-ref --format=%(refname)%00%(upstream:short)%00%(objectname)%00%(upstream:track)%00%(upstream:remotename)%00%(upstream:remoteref) refs/heads/master refs/remotes/master [3ms]
2024-12-02 21:26:18.835 [info] > git status -z -uall [7ms]
2024-12-02 21:26:18.835 [info] > git rev-parse --show-toplevel [12ms]
2024-12-02 21:26:18.841 [info] > git for-each-ref --sort -committerdate --format %(refname) %(objectname) %(*objectname) [7ms]
2024-12-02 21:26:18.849 [info] > git rev-parse --show-toplevel [9ms]
2024-12-02 21:26:18.856 [info] > git for-each-ref --format=%(refname)%00%(upstream:short)%00%(objectname)%00%(upstream:track)%00%(upstream:remotename)%00%(upstream:remoteref) refs/heads/master refs/remotes/master [7ms]
2024-12-02 21:26:18.865 [info] > git rev-parse --show-toplevel [9ms]
2024-12-02 21:26:18.870 [info] > git config --local branch.master.vscode-merge-base [9ms]
2024-12-02 21:26:18.882 [info] > git rev-parse --show-toplevel [12ms]
2024-12-02 21:26:18.888 [info] > git for-each-ref --format=%(refname)%00%(upstream:short)%00%(objectname)%00%(upstream:track)%00%(upstream:remotename)%00%(upstream:remoteref) refs/heads/origin/master refs/remotes/origin/master [13ms]
2024-12-02 21:26:18.900 [info] > git merge-base refs/heads/master refs/remotes/origin/master [6ms]
2024-12-02 21:26:18.906 [info] > git rev-parse --show-toplevel [18ms]
2024-12-02 21:26:18.911 [info] > git diff --name-status -z --diff-filter=ADMR b14741dc0e887e783ce98b8dbb1ad5dc6547ff2a...refs/remotes/origin/master [6ms]
2024-12-02 21:26:18.911 [info] > git rev-parse --show-toplevel [1ms]
2024-12-02 21:26:18.922 [info] > git rev-parse --show-toplevel [5ms]
2024-12-02 21:26:18.928 [info] > git rev-parse --show-toplevel [1ms]
2024-12-02 21:26:18.941 [info] > git rev-parse --show-toplevel [8ms]
2024-12-02 21:26:18.991 [info] > git rev-parse --show-toplevel [29ms]
2024-12-02 21:26:18.997 [info] > git config --get commit.template [8ms]
2024-12-02 21:26:18.999 [info] > git rev-parse --show-toplevel [1ms]
2024-12-02 21:26:19.124 [info] > git rev-parse --show-toplevel [104ms]
2024-12-02 21:26:19.126 [info] [Model][doInitialScan] Initial repository scan completed - repositories (1), closed repositories (0), parent repositories (0), unsafe repositories (0)
2024-12-02 21:26:19.126 [info] > git for-each-ref --format=%(refname)%00%(upstream:short)%00%(objectname)%00%(upstream:track)%00%(upstream:remotename)%00%(upstream:remoteref) refs/heads/master refs/remotes/master [111ms]
2024-12-02 21:26:19.170 [info] > git status -z -uall [7ms]
2024-12-02 21:26:19.177 [info] > git for-each-ref --sort -committerdate --format %(refname) %(objectname) %(*objectname) [8ms]
2024-12-02 21:26:19.201 [info] > git config --local branch.master.github-pr-owner-number [3ms]
2024-12-02 21:26:19.201 [warning] [Git][config] git config failed: Failed to execute git
2024-12-02 21:27:09.854 [info] > git remote add upstream git@github.com:kitian616/jekyll-TeXt-theme.git [18ms]
2024-12-02 21:27:09.867 [info] > git config --get commit.template [7ms]
2024-12-02 21:27:09.868 [info] > git for-each-ref --format=%(refname)%00%(upstream:short)%00%(objectname)%00%(upstream:track)%00%(upstream:remotename)%00%(upstream:remoteref) refs/heads/master refs/remotes/master [1ms]
2024-12-02 21:27:09.880 [info] > git status -z -uall [6ms]
2024-12-02 21:27:09.880 [info] > git for-each-ref --sort -committerdate --format %(refname) %(objectname) %(*objectname) [1ms]
2024-12-02 21:27:10.360 [info] > git config --local branch.master.github-pr-owner-number [1ms]
2024-12-02 21:27:10.360 [warning] [Git][config] git config failed: Failed to execute git
2024-12-02 21:27:10.927 [info] > git config --get commit.template [7ms]
2024-12-02 21:27:10.927 [info] > git for-each-ref --format=%(refname)%00%(upstream:short)%00%(objectname)%00%(upstream:track)%00%(upstream:remotename)%00%(upstream:remoteref) refs/heads/master refs/remotes/master [1ms]
2024-12-02 21:27:10.939 [info] > git status -z -uall [6ms]
2024-12-02 21:27:10.940 [info] > git for-each-ref --sort -committerdate --format %(refname) %(objectname) %(*objectname) [1ms]
2024-12-02 21:27:11.028 [info] > git log --format=%H%n%aN%n%aE%n%at%n%ct%n%P%n%D%n%B -z --shortstat --diff-merges=first-parent -n50 --skip=0 --topo-order --decorate=full --stdin [27ms]
2024-12-02 21:27:11.892 [info] > git config --local branch.master.github-pr-owner-number kitian616#jekyll-TeXt-theme#492 [1ms]
2024-12-02 21:27:11.904 [info] > git config --get commit.template [5ms]
2024-12-02 21:27:11.904 [info] > git for-each-ref --format=%(refname)%00%(upstream:short)%00%(objectname)%00%(upstream:track)%00%(upstream:remotename)%00%(upstream:remoteref) refs/heads/master refs/remotes/master [1ms]
2024-12-02 21:27:11.918 [info] > git status -z -uall [8ms]
2024-12-02 21:27:11.919 [info] > git for-each-ref --sort -committerdate --format %(refname) %(objectname) %(*objectname) [2ms]
2024-12-02 21:27:15.335 [info] > git fetch origin master [1888ms]
2024-12-02 21:27:15.335 [info] From github.com:47z1Lu7h/47z1Lu7h.github.io
 * branch            master     -> FETCH_HEAD
2024-12-02 21:27:15.349 [info] > git config --get commit.template [6ms]
2024-12-02 21:27:15.350 [info] > git for-each-ref --format=%(refname)%00%(upstream:short)%00%(objectname)%00%(upstream:track)%00%(upstream:remotename)%00%(upstream:remoteref) refs/heads/master refs/remotes/master [1ms]
2024-12-02 21:27:15.362 [info] > git status -z -uall [7ms]
2024-12-02 21:27:15.362 [info] > git for-each-ref --sort -committerdate --format %(refname) %(objectname) %(*objectname) [1ms]
2024-12-02 21:27:15.956 [info] > git config --get commit.template [7ms]
2024-12-02 21:27:15.956 [info] > git for-each-ref --format=%(refname)%00%(upstream:short)%00%(objectname)%00%(upstream:track)%00%(upstream:remotename)%00%(upstream:remoteref) refs/heads/master refs/remotes/master [1ms]
2024-12-02 21:27:15.969 [info] > git status -z -uall [6ms]
2024-12-02 21:27:15.969 [info] > git for-each-ref --sort -committerdate --format %(refname) %(objectname) %(*objectname) [1ms]
2024-12-02 21:27:40.175 [info] > git config --get commit.template [7ms]
2024-12-02 21:27:40.176 [info] > git for-each-ref --format=%(refname)%00%(upstream:short)%00%(objectname)%00%(upstream:track)%00%(upstream:remotename)%00%(upstream:remoteref) refs/heads/master refs/remotes/master [0ms]
2024-12-02 21:27:40.190 [info] > git status -z -uall [8ms]
2024-12-02 21:27:40.190 [info] > git for-each-ref --sort -committerdate --format %(refname) %(objectname) %(*objectname) [1ms]
2024-12-02 21:31:25.627 [info] > git config --get commit.template [8ms]
2024-12-02 21:31:25.628 [info] > git for-each-ref --format=%(refname)%00%(upstream:short)%00%(objectname)%00%(upstream:track)%00%(upstream:remotename)%00%(upstream:remoteref) refs/heads/master refs/remotes/master [1ms]
2024-12-02 21:31:25.641 [info] > git status -z -uall [7ms]
2024-12-02 21:31:25.642 [info] > git for-each-ref --sort -committerdate --format %(refname) %(objectname) %(*objectname) [1ms]
2024-12-02 21:31:35.827 [info] > git log --format=%H%n%aN%n%aE%n%at%n%ct%n%P%n%D%n%B -z --shortstat --diff-merges=first-parent -n50 --skip=0 --topo-order --decorate=full --stdin [25ms]
