2024-12-02 21:34:43.940 [info] Reading sessions from keychain...
2024-12-02 21:34:43.940 [info] Getting sessions for all scopes...
2024-12-02 21:34:43.940 [info] Getting sessions for all scopes...
2024-12-02 21:34:43.940 [info] Getting sessions for all scopes...
2024-12-02 21:34:43.940 [info] Got stored sessions!
2024-12-02 21:34:43.940 [info] Got 4 verified sessions.
2024-12-02 21:34:43.940 [info] Got 4 sessions for ...
2024-12-02 21:34:43.940 [info] Got 4 sessions for ...
2024-12-02 21:34:43.940 [info] Got 4 sessions for ...
2024-12-02 21:34:43.940 [info] Getting sessions for read:org,repo...
2024-12-02 21:34:43.940 [info] Got 1 sessions for read:org,repo...
2024-12-02 21:34:43.940 [info] Getting sessions for project,read:org,read:user,repo,user:email,workflow...
2024-12-02 21:34:43.940 [info] Got 0 sessions for project,read:org,read:user,repo,user:email,workflow...
2024-12-02 21:34:43.958 [info] Getting sessions for read:user,repo,user:email,workflow...
2024-12-02 21:34:43.958 [info] Got 1 sessions for read:user,repo,user:email,workflow...
2024-12-02 21:34:44.030 [info] Getting sessions for read:user,repo,user:email,workflow...
2024-12-02 21:34:44.031 [info] Got 1 sessions for read:user,repo,user:email,workflow...
2024-12-02 21:34:44.469 [info] Getting sessions for read:user,repo,user:email,workflow...
2024-12-02 21:34:44.469 [info] Got 1 sessions for read:user,repo,user:email,workflow...
2024-12-02 21:34:44.720 [info] Getting sessions for read:user,repo,user:email,workflow...
2024-12-02 21:34:44.720 [info] Got 1 sessions for read:user,repo,user:email,workflow...
2024-12-02 21:34:45.620 [info] Getting sessions for all scopes...
2024-12-02 21:34:45.620 [info] Got 4 sessions for ...
