2024-12-03 19:53:11.606 [info] Reading sessions from keychain...
2024-12-03 19:53:11.606 [info] Getting sessions for all scopes...
2024-12-03 19:53:11.606 [info] Getting sessions for all scopes...
2024-12-03 19:53:11.606 [info] Getting sessions for all scopes...
2024-12-03 19:53:11.606 [info] Got stored sessions!
2024-12-03 19:53:11.606 [info] Got 4 verified sessions.
2024-12-03 19:53:11.606 [info] Got 4 sessions for ...
2024-12-03 19:53:11.606 [info] Got 4 sessions for ...
2024-12-03 19:53:11.606 [info] Got 4 sessions for ...
2024-12-03 19:53:11.606 [info] Getting sessions for repo,workflow...
2024-12-03 19:53:11.606 [info] Got 1 sessions for repo,workflow...
2024-12-03 19:53:11.606 [info] Getting sessions for repo,workflow...
2024-12-03 19:53:11.606 [info] Got 1 sessions for repo,workflow...
2024-12-03 19:53:11.682 [info] Getting sessions for read:user,repo,user:email,workflow...
2024-12-03 19:53:11.682 [info] Got 1 sessions for read:user,repo,user:email,workflow...
2024-12-03 19:53:12.009 [info] Getting sessions for repo,workflow...
2024-12-03 19:53:12.009 [info] Got 1 sessions for repo,workflow...
2024-12-03 19:53:12.041 [info] Getting sessions for repo,workflow...
2024-12-03 19:53:12.041 [info] Got 1 sessions for repo,workflow...
2024-12-03 19:53:12.119 [info] Getting sessions for read:user,repo,user:email,workflow...
2024-12-03 19:53:12.119 [info] Got 1 sessions for read:user,repo,user:email,workflow...
2024-12-03 19:53:12.339 [info] Getting sessions for repo,workflow...
2024-12-03 19:53:12.339 [info] Got 1 sessions for repo,workflow...
2024-12-03 19:53:12.634 [info] Getting sessions for read:org,repo...
2024-12-03 19:53:12.634 [info] Got 1 sessions for read:org,repo...
2024-12-03 19:53:12.635 [info] Getting sessions for project,read:org,read:user,repo,user:email,workflow...
2024-12-03 19:53:12.635 [info] Got 0 sessions for project,read:org,read:user,repo,user:email,workflow...
2024-12-03 19:53:12.640 [info] Getting sessions for read:user,repo,user:email,workflow...
2024-12-03 19:53:12.640 [info] Got 1 sessions for read:user,repo,user:email,workflow...
2024-12-03 19:53:13.430 [info] Getting sessions for all scopes...
2024-12-03 19:53:13.430 [info] Got 4 sessions for ...
