2024-12-03 19:53:11.569 [info] [main] Log level: Info
2024-12-03 19:53:11.569 [info] [main] Validating found git in: "git"
2024-12-03 19:53:11.569 [info] [main] Using git "2.45.2" from "git"
2024-12-03 19:53:11.569 [info] [Model][doInitialScan] Initial repository scan started
2024-12-03 19:53:11.569 [info] > git rev-parse --show-toplevel [10ms]
2024-12-03 19:53:11.569 [info] > git rev-parse --git-dir --git-common-dir [21ms]
2024-12-03 19:53:11.569 [info] [Model][openRepository] Opened repository: /home/a7z1lu7h/d35kT0p/r3p0s/47z1lu7h.github.io
2024-12-03 19:53:11.577 [info] > git config --get commit.template [3ms]
2024-12-03 19:53:11.601 [info] > git for-each-ref --format=%(refname)%00%(upstream:short)%00%(objectname)%00%(upstream:track)%00%(upstream:remotename)%00%(upstream:remoteref) refs/heads/main refs/remotes/main [2ms]
2024-12-03 19:53:11.605 [warning] [Git][revParse] Unable to read file: ENOENT: no such file or directory, open '/home/a7z1lu7h/d35kT0p/r3p0s/47z1lu7h.github.io/.git/refs/remotes/origin/main'
2024-12-03 19:53:11.606 [info] > git rev-parse refs/remotes/origin/main [1ms]
2024-12-03 19:53:11.616 [info] > git status -z -uall [5ms]
2024-12-03 19:53:11.621 [info] > git for-each-ref --sort -committerdate --format %(refname) %(objectname) %(*objectname) [6ms]
2024-12-03 19:53:11.664 [info] > git for-each-ref --format=%(refname)%00%(upstream:short)%00%(objectname)%00%(upstream:track)%00%(upstream:remotename)%00%(upstream:remoteref) refs/heads/main refs/remotes/main [36ms]
2024-12-03 19:53:11.669 [info] > git rev-parse --show-toplevel [49ms]
2024-12-03 19:53:11.677 [info] > git config --local branch.main.vscode-merge-base [8ms]
2024-12-03 19:53:11.677 [warning] [Git][config] git config failed: Failed to execute git
2024-12-03 19:53:11.681 [info] > git config --get commit.template [17ms]
2024-12-03 19:53:11.682 [info] > git rev-parse --show-toplevel [7ms]
2024-12-03 19:53:11.691 [info] > git reflog main --grep-reflog=branch: Created from *. [10ms]
2024-12-03 19:53:11.702 [info] > git symbolic-ref --short refs/remotes/origin/HEAD [7ms]
2024-12-03 19:53:11.706 [info] > git rev-parse --show-toplevel [15ms]
2024-12-03 19:53:11.707 [info] > git for-each-ref --format=%(refname)%00%(upstream:short)%00%(objectname)%00%(upstream:track)%00%(upstream:remotename)%00%(upstream:remoteref) refs/heads/main refs/remotes/main [20ms]
2024-12-03 19:53:11.714 [warning] [Git][revParse] Unable to read file: ENOENT: no such file or directory, open '/home/a7z1lu7h/d35kT0p/r3p0s/47z1lu7h.github.io/.git/refs/remotes/origin/main'
2024-12-03 19:53:11.715 [info] > git rev-parse --show-toplevel [5ms]
2024-12-03 19:53:11.715 [info] > git for-each-ref --format=%(refname)%00%(upstream:short)%00%(objectname)%00%(upstream:track)%00%(upstream:remotename)%00%(upstream:remoteref) refs/heads/origin/main refs/remotes/origin/main [9ms]
2024-12-03 19:53:11.723 [info] > git rev-parse refs/remotes/origin/main [9ms]
2024-12-03 19:53:11.732 [info] > git status -z -uall [5ms]
2024-12-03 19:53:11.732 [info] > git rev-parse --show-toplevel [9ms]
2024-12-03 19:53:11.732 [info] > git config --local branch.main.vscode-merge-base origin/main [13ms]
2024-12-03 19:53:11.732 [info] > git for-each-ref --sort -committerdate --format %(refname) %(objectname) %(*objectname) [1ms] (cancelled)
2024-12-03 19:53:11.746 [info] > git config --get commit.template [1ms]
2024-12-03 19:53:11.746 [info] > git rev-parse --show-toplevel [5ms]
2024-12-03 19:53:11.746 [info] > git for-each-ref --format=%(refname)%00%(upstream:short)%00%(objectname)%00%(upstream:track)%00%(upstream:remotename)%00%(upstream:remoteref) refs/heads/main refs/remotes/main [10ms]
2024-12-03 19:53:11.760 [info] > git config --local branch.main.vscode-merge-base [10ms]
2024-12-03 19:53:11.765 [info] > git for-each-ref --format=%(refname)%00%(upstream:short)%00%(objectname)%00%(upstream:track)%00%(upstream:remotename)%00%(upstream:remoteref) refs/heads/main refs/remotes/main [6ms]
2024-12-03 19:53:11.766 [info] > git rev-parse --show-toplevel [11ms]
2024-12-03 19:53:11.770 [warning] [Git][revParse] Unable to read file: ENOENT: no such file or directory, open '/home/a7z1lu7h/d35kT0p/r3p0s/47z1lu7h.github.io/.git/refs/remotes/origin/main'
2024-12-03 19:53:11.775 [info] > git for-each-ref --format=%(refname)%00%(upstream:short)%00%(objectname)%00%(upstream:track)%00%(upstream:remotename)%00%(upstream:remoteref) refs/heads/origin/main refs/remotes/origin/main [10ms]
2024-12-03 19:53:11.786 [info] > git merge-base refs/heads/main refs/remotes/origin/main [7ms]
2024-12-03 19:53:11.790 [info] > git rev-parse --show-toplevel [16ms]
2024-12-03 19:53:11.790 [info] > git rev-parse refs/remotes/origin/main [20ms]
2024-12-03 19:53:11.804 [info] > git status -z -uall [9ms]
2024-12-03 19:53:11.804 [info] > git diff --name-status -z --diff-filter=ADMR c277cd44525e7dee76defc49e191dd88b3da5ff8...refs/remotes/origin/main [14ms]
2024-12-03 19:53:11.808 [info] > git rev-parse --show-toplevel [5ms]
2024-12-03 19:53:11.808 [info] > git for-each-ref --sort -committerdate --format %(refname) %(objectname) %(*objectname) [9ms]
2024-12-03 19:53:11.814 [info] > git rev-parse --show-toplevel [1ms]
2024-12-03 19:53:11.819 [info] > git rev-parse --show-toplevel [1ms]
2024-12-03 19:53:11.823 [info] > git rev-parse --show-toplevel [1ms]
2024-12-03 19:53:11.828 [info] > git rev-parse --show-toplevel [1ms]
2024-12-03 19:53:11.833 [info] > git rev-parse --show-toplevel [1ms]
2024-12-03 19:53:11.838 [info] > git rev-parse --show-toplevel [1ms]
2024-12-03 19:53:11.847 [info] > git rev-parse --show-toplevel [5ms]
2024-12-03 19:53:11.849 [info] [Model][doInitialScan] Initial repository scan completed - repositories (1), closed repositories (0), parent repositories (0), unsafe repositories (0)
2024-12-03 19:53:12.018 [info] > git config --get commit.template [2ms]
2024-12-03 19:53:12.023 [info] > git for-each-ref --format=%(refname)%00%(upstream:short)%00%(objectname)%00%(upstream:track)%00%(upstream:remotename)%00%(upstream:remoteref) refs/heads/main refs/remotes/main [1ms]
2024-12-03 19:53:12.028 [warning] [Git][revParse] Unable to read file: ENOENT: no such file or directory, open '/home/a7z1lu7h/d35kT0p/r3p0s/47z1lu7h.github.io/.git/refs/remotes/origin/main'
2024-12-03 19:53:12.028 [info] > git rev-parse refs/remotes/origin/main [0ms]
2024-12-03 19:53:12.038 [info] > git status -z -uall [5ms]
2024-12-03 19:53:12.039 [info] > git for-each-ref --sort -committerdate --format %(refname) %(objectname) %(*objectname) [1ms]
2024-12-03 19:53:12.082 [info] > git check-ignore -v -z --stdin [1ms]
2024-12-03 19:53:13.242 [info] > git config --local branch.main.github-pr-owner-number [27ms]
2024-12-03 19:53:13.242 [warning] [Git][config] git config failed: Failed to execute git
