2024-12-02 21:23:57.635 [warning] /home/a7z1lu7h/.ssh/config: ENOENT: no such file or directory, open '/home/a7z1lu7h/.ssh/config'
2024-12-02 21:23:57.635 [info] Activation> Extension version: 0.100.3
2024-12-02 21:23:57.635 [info] TemporaryState> Error in initialization: Unable to delete nonexistent file 'vscode-userdata:/home/a7z1lu7h/.config/Code/User/globalStorage/github.vscode-pull-request-github/temp'
2024-12-02 21:23:57.641 [info] Looking for git repository
2024-12-02 21:23:57.641 [info] Found 0 repositories during activation
2024-12-02 21:23:57.641 [info] Git repository found, initializing review manager and pr tree view.
2024-12-02 21:23:57.643 [info] Registering git provider
2024-12-02 21:23:57.644 [info] Review+0> Validate state in progress
2024-12-02 21:23:57.644 [info] Review+0> Validating state...
2024-12-02 21:23:57.649 [info] Found GitHub remote for folder /home/a7z1lu7h/d35kT0p/r3p0s/47z1Lu7h.github.io
2024-12-02 21:23:57.650 [info] Trying to use globalState for assignableUsers.
2024-12-02 21:23:57.665 [info] Review+0> No matching pull request metadata found locally for current branch master
2024-12-02 21:23:57.665 [info] Review+0> No matching pull request metadata found on GitHub for current branch master
2024-12-02 21:23:57.666 [info] GlobalState does not exist for assignableUsers.
2024-12-02 21:25:05.506 [info] Review+0> Validate state in progress
2024-12-02 21:25:05.506 [info] Review+0> Validating state...
2024-12-02 21:25:05.506 [info] Review+0> Queuing additional validate state
2024-12-02 21:25:05.509 [info] Found GitHub remote for folder /home/a7z1lu7h/d35kT0p/r3p0s/47z1Lu7h.github.io
2024-12-02 21:25:05.509 [info] Using in-memory cached assignable users.
2024-12-02 21:25:05.525 [info] Review+0> No matching pull request metadata found locally for current branch master
2024-12-02 21:25:05.526 [info] Review+0> No matching pull request metadata found on GitHub for current branch master
2024-12-02 21:25:05.533 [info] Review+0> Validating state...
2024-12-02 21:25:05.534 [info] Found GitHub remote for folder /home/a7z1lu7h/d35kT0p/r3p0s/47z1Lu7h.github.io
2024-12-02 21:25:05.534 [info] Using in-memory cached assignable users.
2024-12-02 21:25:05.548 [info] Review+0> No matching pull request metadata found locally for current branch master
2024-12-02 21:25:05.548 [info] Review+0> No matching pull request metadata found on GitHub for current branch master
2024-12-02 21:26:19.169 [warning] /home/a7z1lu7h/.ssh/config: ENOENT: no such file or directory, open '/home/a7z1lu7h/.ssh/config'
2024-12-02 21:26:19.169 [info] Activation> Extension version: 0.100.3
2024-12-02 21:26:19.185 [info] Looking for git repository
2024-12-02 21:26:19.185 [info] Found 0 repositories during activation
2024-12-02 21:26:19.185 [info] Git repository found, initializing review manager and pr tree view.
2024-12-02 21:26:19.188 [info] Registering git provider
2024-12-02 21:26:19.188 [info] Review+0> Validate state in progress
2024-12-02 21:26:19.188 [info] Review+0> Validating state...
2024-12-02 21:26:19.192 [info] Found GitHub remote for folder /home/a7z1lu7h/d35kT0p/r3p0s/47z1Lu7h.github.io
2024-12-02 21:26:19.193 [info] Trying to use globalState for assignableUsers.
2024-12-02 21:26:19.201 [info] GlobalState does not exist for assignableUsers.
2024-12-02 21:26:19.201 [info] Review+0> No matching pull request metadata found locally for current branch master
2024-12-02 21:26:19.202 [info] Review+0> No matching pull request metadata found on GitHub for current branch master
2024-12-02 21:27:09.340 [info] Found GitHub remote for folder /home/a7z1lu7h/d35kT0p/r3p0s/47z1Lu7h.github.io
2024-12-02 21:27:09.881 [info] Review+0> Validate state in progress
2024-12-02 21:27:09.881 [info] Review+0> Validating state...
2024-12-02 21:27:09.881 [info] Repo state for file:///home/a7z1lu7h/d35kT0p/r3p0s/47z1Lu7h.github.io changed.
2024-12-02 21:27:09.881 [info] Repo file:///home/a7z1lu7h/d35kT0p/r3p0s/47z1Lu7h.github.io has already been setup.
2024-12-02 21:27:09.883 [info] Found GitHub remote for folder /home/a7z1lu7h/d35kT0p/r3p0s/47z1Lu7h.github.io
2024-12-02 21:27:09.888 [info] Found GitHub remote for folder /home/a7z1lu7h/d35kT0p/r3p0s/47z1Lu7h.github.io
2024-12-02 21:27:10.353 [info] Using in-memory cached assignable users.
2024-12-02 21:27:10.353 [info] Trying to use globalState for assignableUsers.
2024-12-02 21:27:10.360 [info] Review+0> No matching pull request metadata found locally for current branch master
2024-12-02 21:27:10.378 [info] GlobalState does not exist for assignableUsers.
2024-12-02 21:27:11.782 [info] GitHubRepository+0.1> The remote branch for this PR was already deleted.
2024-12-02 21:27:11.782 [info] GitHubRepository+0.1> The remote branch for this PR was already deleted.
2024-12-02 21:27:11.891 [info] Found matching pull request metadata on GitHub for current branch master. Repo: kitian616/jekyll-TeXt-theme PR: 492
2024-12-02 21:27:11.891 [info] PullRequestGitHelper> associate master with Pull Request #492
2024-12-02 21:27:11.920 [info] Review+0> Found matching pull request metadata for current branch master. Repo: kitian616/jekyll-TeXt-theme PR: 492
2024-12-02 21:27:11.920 [info] Review+0> current branch master is associated with pull request #492
2024-12-02 21:27:11.920 [info] Review+0> Resolving pull request
2024-12-02 21:27:11.920 [info] FolderRepositoryManager+0> Found GitHub repo for pr #492: yes
2024-12-02 21:27:13.008 [info] FolderRepositoryManager+0> Found GitHub pr repo for pr #492: yes
2024-12-02 21:27:13.008 [info] GitHubRepository+0.1> Fetch branch master - enter
2024-12-02 21:27:13.021 [info] Registering git provider
2024-12-02 21:27:13.440 [info] GitHubRepository+0.1> Fetch branch master - done: true
2024-12-02 21:27:13.448 [info] Review+0> Resolved PR #492, state is 0
2024-12-02 21:27:13.448 [info] Review+0> Fetching pull request data
2024-12-02 21:27:13.448 [info] PullRequestTree> Adding PR #492 to tree
2024-12-02 21:27:13.457 [info] Review+0> Register comments provider
2024-12-02 21:27:13.458 [info] Review+0> Register in memory content provider
2024-12-02 21:27:14.538 [info] Review+0> Display pull request status bar indicator.
2024-12-02 21:27:14.538 [info] Review+0> Using focus mode = true.
2024-12-02 21:27:14.538 [info] Review+0> State validation silent = true.
2024-12-02 21:27:14.538 [info] Review+0> PR show should show = false.
2024-12-02 21:27:38.929 [info] Review+0> Branch master will now be ignored in ignoredPullRequestBranches.
2024-12-02 21:27:38.963 [info] Review+0> Validating state...
2024-12-02 21:27:38.964 [info] Found GitHub remote for folder /home/a7z1lu7h/d35kT0p/r3p0s/47z1Lu7h.github.io
2024-12-02 21:27:38.964 [info] Trying to use globalState for mentionableUsers.
2024-12-02 21:27:38.964 [info] Using in-memory cached assignable users.
2024-12-02 21:27:38.965 [info] Review+0> Branch master is ignored in ignoredPullRequestBranches.
2024-12-02 21:27:38.965 [info] PullRequestTree> Removing PR #492 from tree
2024-12-02 21:27:38.967 [info] GlobalState does not exist for mentionableUsers.
2024-12-02 21:27:49.178 [info] GitHubRepository+0.1> The remote branch for this PR was already deleted.
2024-12-02 21:27:49.178 [info] GitHubRepository+0.1> The remote branch for this PR was already deleted.
