2024-12-01 19:27:04.114 [info] [main] Log level: Info
2024-12-01 19:27:04.114 [info] [main] Validating found git in: "git"
2024-12-01 19:27:04.114 [info] [main] Using git "2.45.2" from "git"
2024-12-01 19:27:04.114 [info] [Model][doInitialScan] Initial repository scan started
2024-12-01 19:27:04.114 [info] > git rev-parse --show-toplevel [2ms]
2024-12-01 19:27:04.114 [info] > git rev-parse --git-dir --git-common-dir [1ms]
2024-12-01 19:27:04.114 [info] [Model][openRepository] Opened repository: /home/a7z1lu7h/d35kT0p/r3p0s/47z1Lu7h.github.io
2024-12-01 19:27:04.115 [info] > git config --get commit.template [1ms]
2024-12-01 19:27:04.141 [info] > git for-each-ref --format=%(refname)%00%(upstream:short)%00%(objectname)%00%(upstream:track)%00%(upstream:remotename)%00%(upstream:remoteref) refs/heads/master refs/remotes/master [9ms]
2024-12-01 19:27:04.156 [info] > git status -z -uall [9ms]
2024-12-01 19:27:04.156 [info] > git for-each-ref --sort -committerdate --format %(refname) %(objectname) %(*objectname) [5ms]
2024-12-01 19:27:04.168 [info] > git for-each-ref --format=%(refname)%00%(upstream:short)%00%(objectname)%00%(upstream:track)%00%(upstream:remotename)%00%(upstream:remoteref) refs/heads/master refs/remotes/master [6ms]
2024-12-01 19:27:04.172 [info] > git rev-parse --show-toplevel [17ms]
2024-12-01 19:27:04.177 [info] > git config --local branch.master.vscode-merge-base [5ms]
2024-12-01 19:27:04.177 [warning] [Git][config] git config failed: Failed to execute git
2024-12-01 19:27:04.182 [info] > git config --get commit.template [13ms]
2024-12-01 19:27:04.182 [info] > git rev-parse --show-toplevel [5ms]
2024-12-01 19:27:04.209 [info] > git reflog master --grep-reflog=branch: Created from *. [28ms]
2024-12-01 19:27:04.225 [info] > git symbolic-ref --short refs/remotes/origin/HEAD [12ms]
2024-12-01 19:27:04.229 [info] > git rev-parse --show-toplevel [20ms]
2024-12-01 19:27:04.229 [info] > git for-each-ref --format=%(refname)%00%(upstream:short)%00%(objectname)%00%(upstream:track)%00%(upstream:remotename)%00%(upstream:remoteref) refs/heads/master refs/remotes/master [24ms]
2024-12-01 19:27:04.235 [info] > git for-each-ref --format=%(refname)%00%(upstream:short)%00%(objectname)%00%(upstream:track)%00%(upstream:remotename)%00%(upstream:remoteref) refs/heads/origin/master refs/remotes/origin/master [7ms]
2024-12-01 19:27:04.240 [info] > git rev-parse --show-toplevel [5ms]
2024-12-01 19:27:04.252 [info] > git status -z -uall [4ms]
2024-12-01 19:27:04.253 [info] > git config --local branch.master.vscode-merge-base origin/master [14ms]
2024-12-01 19:27:04.253 [info] > git for-each-ref --sort -committerdate --format %(refname) %(objectname) %(*objectname) [1ms] (cancelled)
2024-12-01 19:27:04.263 [info] > git for-each-ref --format=%(refname)%00%(upstream:short)%00%(objectname)%00%(upstream:track)%00%(upstream:remotename)%00%(upstream:remoteref) refs/heads/master refs/remotes/master [6ms]
2024-12-01 19:27:04.268 [info] > git rev-parse --show-toplevel [24ms]
2024-12-01 19:27:04.273 [info] > git config --get commit.template [10ms]
2024-12-01 19:27:04.273 [info] > git config --local branch.master.vscode-merge-base [5ms]
2024-12-01 19:27:04.282 [info] > git rev-parse --show-toplevel [10ms]
2024-12-01 19:27:04.286 [info] > git for-each-ref --format=%(refname)%00%(upstream:short)%00%(objectname)%00%(upstream:track)%00%(upstream:remotename)%00%(upstream:remoteref) refs/heads/origin/master refs/remotes/origin/master [8ms]
2024-12-01 19:27:04.296 [info] > git merge-base refs/heads/master refs/remotes/origin/master [6ms]
2024-12-01 19:27:04.301 [info] > git rev-parse --show-toplevel [15ms]
2024-12-01 19:27:04.301 [info] > git for-each-ref --format=%(refname)%00%(upstream:short)%00%(objectname)%00%(upstream:track)%00%(upstream:remotename)%00%(upstream:remoteref) refs/heads/master refs/remotes/master [20ms]
2024-12-01 19:27:04.306 [info] > git diff --name-status -z --diff-filter=ADMR 5fcfd606927a205d1589a7702c66d378d322f5c2...refs/remotes/origin/master [5ms]
2024-12-01 19:27:04.306 [info] > git rev-parse --show-toplevel [1ms]
2024-12-01 19:27:04.319 [info] > git status -z -uall [9ms]
2024-12-01 19:27:04.319 [info] > git for-each-ref --sort -committerdate --format %(refname) %(objectname) %(*objectname) [5ms]
2024-12-01 19:27:04.321 [info] > git rev-parse --show-toplevel [3ms]
2024-12-01 19:27:04.327 [info] > git rev-parse --show-toplevel [1ms]
2024-12-01 19:27:04.332 [info] > git rev-parse --show-toplevel [1ms]
2024-12-01 19:27:04.338 [info] > git rev-parse --show-toplevel [2ms]
2024-12-01 19:27:04.339 [info] [Model][doInitialScan] Initial repository scan completed - repositories (1), closed repositories (0), parent repositories (0), unsafe repositories (0)
2024-12-01 19:27:04.622 [info] > git check-ignore -v -z --stdin [1ms]
2024-12-01 19:27:05.330 [info] > git config --get commit.template [4ms]
2024-12-01 19:27:05.331 [info] > git for-each-ref --format=%(refname)%00%(upstream:short)%00%(objectname)%00%(upstream:track)%00%(upstream:remotename)%00%(upstream:remoteref) refs/heads/master refs/remotes/master [1ms]
2024-12-01 19:27:05.340 [info] > git status -z -uall [5ms]
2024-12-01 19:27:05.341 [info] > git for-each-ref --sort -committerdate --format %(refname) %(objectname) %(*objectname) [1ms]
2024-12-01 19:27:09.607 [info] > git check-ignore -v -z --stdin [1ms]
2024-12-01 19:27:12.165 [info] > git check-ignore -v -z --stdin [1ms]
2024-12-01 19:27:13.516 [info] > git show --textconv :docs/_posts/2015-01-01-article-with-long-toc.md [7ms]
2024-12-01 19:27:13.516 [info] > git ls-files --stage -- /home/a7z1lu7h/d35kT0p/r3p0s/47z1Lu7h.github.io/docs/_posts/2015-01-01-article-with-long-toc.md [2ms]
2024-12-01 19:27:13.527 [info] > git cat-file -s 1448b6c6ac730401aceed5102a180718dece6472 [7ms]
2024-12-01 19:27:22.734 [info] > git show --textconv :docs/_posts/2015-01-03-article-with-lots-images.md [4ms]
2024-12-01 19:27:22.735 [info] > git ls-files --stage -- /home/a7z1lu7h/d35kT0p/r3p0s/47z1Lu7h.github.io/docs/_posts/2015-01-03-article-with-lots-images.md [1ms]
2024-12-01 19:27:22.740 [info] > git cat-file -s 0bdecb41d7b1ac16efcdd9ac9773b1a2bdfec5eb [1ms]
2024-12-01 19:27:30.501 [info] > git check-ignore -v -z --stdin [1ms]
2024-12-01 19:27:40.549 [info] > git show --textconv :_includes/footer.html [6ms]
2024-12-01 19:27:40.549 [info] > git ls-files --stage -- /home/a7z1lu7h/d35kT0p/r3p0s/47z1Lu7h.github.io/_includes/footer.html [0ms]
2024-12-01 19:27:40.556 [info] > git cat-file -s 0a4eb29c54c045f69c8f20d7c244a86f3942df36 [1ms]
2024-12-01 19:27:57.230 [info] > git show --textconv :_config.yml [7ms]
2024-12-01 19:27:57.230 [info] > git ls-files --stage -- /home/a7z1lu7h/d35kT0p/r3p0s/47z1Lu7h.github.io/_config.yml [1ms]
2024-12-01 19:27:57.236 [info] > git cat-file -s aaf070eaae7b02e9624abc855c56719518deb069 [1ms]
2024-12-01 19:28:04.420 [info] > git show --textconv :about.md [5ms]
2024-12-01 19:28:04.421 [info] > git ls-files --stage -- /home/a7z1lu7h/d35kT0p/r3p0s/47z1Lu7h.github.io/about.md [1ms]
2024-12-01 19:28:04.425 [info] > git cat-file -s 6a7019df255c03e2d95ca9dcbcd8403f5cfe11d7 [1ms]
2024-12-01 19:28:09.434 [info] > git show --textconv :jekyll-text-theme.gemspec [6ms]
2024-12-01 19:28:09.434 [info] > git ls-files --stage -- /home/a7z1lu7h/d35kT0p/r3p0s/47z1Lu7h.github.io/jekyll-text-theme.gemspec [1ms]
2024-12-01 19:28:09.439 [info] > git cat-file -s cc47579e11f181eb890f5ecd71dd1619de6a5db4 [1ms]
2024-12-01 19:28:15.300 [info] > git show --textconv :package.json [6ms]
2024-12-01 19:28:15.300 [info] > git ls-files --stage -- /home/a7z1lu7h/d35kT0p/r3p0s/47z1Lu7h.github.io/package.json [1ms]
2024-12-01 19:28:15.306 [info] > git cat-file -s 468502f3a0f5d7d8cb7ae1a222c7956d70e75a2d [1ms]
2024-12-01 19:28:15.616 [info] > git check-ignore -v -z --stdin [1ms]
2024-12-01 19:28:21.740 [info] > git show --textconv :README.md [5ms]
2024-12-01 19:28:21.741 [info] > git ls-files --stage -- /home/a7z1lu7h/d35kT0p/r3p0s/47z1Lu7h.github.io/README.md [1ms]
2024-12-01 19:28:21.747 [info] > git cat-file -s b29eb7012546bc9aca07444f009afdd5888ba52d [1ms]
2024-12-01 19:28:22.020 [info] > git check-ignore -v -z --stdin [1ms]
2024-12-01 19:28:26.433 [info] > git show --textconv :_data/navigation.yml [5ms]
2024-12-01 19:28:26.434 [info] > git ls-files --stage -- /home/a7z1lu7h/d35kT0p/r3p0s/47z1Lu7h.github.io/_data/navigation.yml [1ms]
2024-12-01 19:28:26.439 [info] > git cat-file -s 17dc853db98b32eddb8ff73644a72a94464f71ae [1ms]
2024-12-01 19:29:05.412 [info] > git show --textconv :_includes/article-list.html [5ms]
2024-12-01 19:29:05.413 [info] > git ls-files --stage -- /home/a7z1lu7h/d35kT0p/r3p0s/47z1Lu7h.github.io/_includes/article-list.html [1ms]
2024-12-01 19:29:05.417 [info] > git cat-file -s dfe0c85f5877794ab6be22ff3e26c2a55a6aa525 [1ms]
2024-12-01 19:29:09.932 [info] > git show --textconv :_includes/footer.html [5ms]
2024-12-01 19:29:09.933 [info] > git ls-files --stage -- /home/a7z1lu7h/d35kT0p/r3p0s/47z1Lu7h.github.io/_includes/footer.html [1ms]
2024-12-01 19:29:09.938 [info] > git cat-file -s 0a4eb29c54c045f69c8f20d7c244a86f3942df36 [0ms]
2024-12-01 19:29:11.781 [info] > git show --textconv :_includes/pageview-providers/leancloud/leancloud.js [5ms]
2024-12-01 19:29:11.782 [info] > git ls-files --stage -- /home/a7z1lu7h/d35kT0p/r3p0s/47z1Lu7h.github.io/_includes/pageview-providers/leancloud/leancloud.js [2ms]
2024-12-01 19:29:11.787 [info] > git cat-file -s 32e3ba825547609344a03de546d915bc3cb8a971 [1ms]
2024-12-01 19:29:12.048 [info] > git check-ignore -v -z --stdin [2ms]
2024-12-01 19:29:20.381 [info] > git show --textconv :_layouts/home.html [6ms]
2024-12-01 19:29:20.381 [info] > git ls-files --stage -- /home/a7z1lu7h/d35kT0p/r3p0s/47z1Lu7h.github.io/_layouts/home.html [1ms]
2024-12-01 19:29:20.387 [info] > git cat-file -s 553cc5afd4bc8346471293b5eb0a3e8dfd27afc5 [1ms]
2024-12-01 19:29:20.638 [info] > git check-ignore -v -z --stdin [1ms]
2024-12-01 19:29:35.070 [info] > git show --textconv :docs/_config.dev.yml [6ms]
2024-12-01 19:29:35.070 [info] > git ls-files --stage -- /home/a7z1lu7h/d35kT0p/r3p0s/47z1Lu7h.github.io/docs/_config.dev.yml [1ms]
2024-12-01 19:29:35.075 [info] > git cat-file -s 3bdee3d39be5a0487dbc7542d3bdc83b0831d93c [0ms]
2024-12-01 19:29:39.396 [info] > git show --textconv :docs/_config.yml [7ms]
2024-12-01 19:29:39.396 [info] > git ls-files --stage -- /home/a7z1lu7h/d35kT0p/r3p0s/47z1Lu7h.github.io/docs/_config.yml [1ms]
2024-12-01 19:29:39.402 [info] > git cat-file -s aef64743c821d8e72e91f6287cac1bb88885c869 [0ms]
2024-12-01 19:29:39.682 [info] > git check-ignore -v -z --stdin [1ms]
2024-12-01 19:30:10.479 [info] > git show --textconv :docs/landing.html [6ms]
2024-12-01 19:30:10.479 [info] > git ls-files --stage -- /home/a7z1lu7h/d35kT0p/r3p0s/47z1Lu7h.github.io/docs/landing.html [1ms]
2024-12-01 19:30:10.485 [info] > git cat-file -s 544e653d3eb3fddb7061c957c9b4e71bb843432c [1ms]
2024-12-01 19:30:14.337 [info] > git show --textconv :docs/_docs/en/1.2-structure.md [4ms]
2024-12-01 19:30:14.338 [info] > git ls-files --stage -- /home/a7z1lu7h/d35kT0p/r3p0s/47z1Lu7h.github.io/docs/_docs/en/1.2-structure.md [1ms]
2024-12-01 19:30:14.342 [info] > git cat-file -s 45a6554c98cf1b7a8929877499a567bb63bd4439 [0ms]
2024-12-01 19:30:14.625 [info] > git check-ignore -v -z --stdin [1ms]
2024-12-01 19:30:19.501 [info] > git show --textconv :docs/_docs/en/1.7-update-from-1-to-2.md [6ms]
2024-12-01 19:30:19.501 [info] > git ls-files --stage -- /home/a7z1lu7h/d35kT0p/r3p0s/47z1Lu7h.github.io/docs/_docs/en/1.7-update-from-1-to-2.md [1ms]
2024-12-01 19:30:19.506 [info] > git cat-file -s feba367743aa3a0a32361e8f6e94b2c304869381 [1ms]
2024-12-01 19:30:24.003 [info] > git check-ignore -v -z --stdin [1ms]
2024-12-01 19:30:24.317 [info] > git show --textconv :docs/landing.html [4ms]
2024-12-01 19:30:24.318 [info] > git ls-files --stage -- /home/a7z1lu7h/d35kT0p/r3p0s/47z1Lu7h.github.io/docs/landing.html [1ms]
2024-12-01 19:30:24.323 [info] > git cat-file -s 544e653d3eb3fddb7061c957c9b4e71bb843432c [0ms]
2024-12-01 19:30:28.904 [info] > git show --textconv :docs/_docs/en/1.7-update-from-1-to-2.md [6ms]
2024-12-01 19:30:28.904 [info] > git ls-files --stage -- /home/a7z1lu7h/d35kT0p/r3p0s/47z1Lu7h.github.io/docs/_docs/en/1.7-update-from-1-to-2.md [1ms]
2024-12-01 19:30:28.910 [info] > git cat-file -s feba367743aa3a0a32361e8f6e94b2c304869381 [1ms]
2024-12-01 19:30:45.349 [info] > git check-ignore -v -z --stdin [1ms]
2024-12-01 19:30:48.441 [info] > git show --textconv :docs/_docs/en/2.2-navigation.md [5ms]
2024-12-01 19:30:48.442 [info] > git ls-files --stage -- /home/a7z1lu7h/d35kT0p/r3p0s/47z1Lu7h.github.io/docs/_docs/en/2.2-navigation.md [1ms]
2024-12-01 19:30:48.447 [info] > git cat-file -s 2458dad0590d0f224d6d1697aecdcc2194a123c3 [1ms]
2024-12-01 19:31:06.240 [info] > git config --get commit.template [5ms]
2024-12-01 19:31:06.241 [info] > git for-each-ref --format=%(refname)%00%(upstream:short)%00%(objectname)%00%(upstream:track)%00%(upstream:remotename)%00%(upstream:remoteref) refs/heads/master refs/remotes/master [1ms]
2024-12-01 19:31:06.249 [info] > git status -z -uall [4ms]
2024-12-01 19:31:06.250 [info] > git for-each-ref --sort -committerdate --format %(refname) %(objectname) %(*objectname) [1ms]
2024-12-01 19:31:22.173 [info] > git show --textconv :docs/_docs/en/1.7-update-from-1-to-2.md [6ms]
2024-12-01 19:31:22.173 [info] > git ls-files --stage -- /home/a7z1lu7h/d35kT0p/r3p0s/47z1Lu7h.github.io/docs/_docs/en/1.7-update-from-1-to-2.md [1ms]
2024-12-01 19:31:22.179 [info] > git cat-file -s feba367743aa3a0a32361e8f6e94b2c304869381 [0ms]
2024-12-01 19:31:24.220 [info] > git show --textconv :docs/_docs/en/2.1-configuration.md [6ms]
2024-12-01 19:31:24.221 [info] > git ls-files --stage -- /home/a7z1lu7h/d35kT0p/r3p0s/47z1Lu7h.github.io/docs/_docs/en/2.1-configuration.md [1ms]
2024-12-01 19:31:24.226 [info] > git cat-file -s c04bbbed6e141f10f8c51f016235b2ed078d933a [1ms]
2024-12-01 19:31:24.507 [info] > git check-ignore -v -z --stdin [2ms]
2024-12-01 19:31:26.040 [info] > git config --get commit.template [5ms]
2024-12-01 19:31:26.040 [info] > git for-each-ref --format=%(refname)%00%(upstream:short)%00%(objectname)%00%(upstream:track)%00%(upstream:remotename)%00%(upstream:remoteref) refs/heads/master refs/remotes/master [1ms]
2024-12-01 19:31:26.050 [info] > git status -z -uall [5ms]
2024-12-01 19:31:26.051 [info] > git for-each-ref --sort -committerdate --format %(refname) %(objectname) %(*objectname) [1ms]
2024-12-01 19:31:28.047 [info] > git check-ignore -v -z --stdin [1ms]
2024-12-01 19:31:53.314 [info] > git show --textconv :docs/_docs/en/2.3-layouts.md [5ms]
2024-12-01 19:31:53.314 [info] > git ls-files --stage -- /home/a7z1lu7h/d35kT0p/r3p0s/47z1Lu7h.github.io/docs/_docs/en/2.3-layouts.md [1ms]
2024-12-01 19:31:53.320 [info] > git cat-file -s 4e0522a1736bfc81619109767bbbf2d53a84c28b [1ms]
2024-12-01 19:32:07.941 [info] > git show --textconv :docs/_docs/en/3.1-writing-posts.md [6ms]
2024-12-01 19:32:07.941 [info] > git ls-files --stage -- /home/a7z1lu7h/d35kT0p/r3p0s/47z1Lu7h.github.io/docs/_docs/en/3.1-writing-posts.md [0ms]
2024-12-01 19:32:07.947 [info] > git cat-file -s 217423285649ebeac2552d723e8c6caf5c334de7 [1ms]
2024-12-01 19:32:14.855 [info] > git show --textconv :docs/_docs/zh/1.7-update-from-1-to-2.md [5ms]
2024-12-01 19:32:14.856 [info] > git ls-files --stage -- /home/a7z1lu7h/d35kT0p/r3p0s/47z1Lu7h.github.io/docs/_docs/zh/1.7-update-from-1-to-2.md [1ms]
2024-12-01 19:32:14.861 [info] > git cat-file -s d584bf36fa0ae0de6c0d279fbfd8be56a90a763b [0ms]
2024-12-01 19:32:15.135 [info] > git check-ignore -v -z --stdin [2ms]
2024-12-01 19:32:15.347 [info] > git show --textconv :docs/_docs/zh/2.3-layouts.md [5ms]
2024-12-01 19:32:15.348 [info] > git ls-files --stage -- /home/a7z1lu7h/d35kT0p/r3p0s/47z1Lu7h.github.io/docs/_docs/zh/2.3-layouts.md [1ms]
2024-12-01 19:32:15.353 [info] > git cat-file -s 61e7044644824e2ea2afe219aad5f4d0aca2d473 [1ms]
2024-12-01 19:32:18.046 [info] > git show --textconv :docs/_docs/zh/3.1-writing-posts.md [6ms]
2024-12-01 19:32:18.046 [info] > git ls-files --stage -- /home/a7z1lu7h/d35kT0p/r3p0s/47z1Lu7h.github.io/docs/_docs/zh/3.1-writing-posts.md [0ms]
2024-12-01 19:32:18.052 [info] > git cat-file -s 491ef2a060ca839f1a3d348a2f2bab5c475d2f8a [1ms]
2024-12-01 19:32:19.270 [info] > git show --textconv :docs/_posts/2016-09-01-links.md [6ms]
2024-12-01 19:32:19.270 [info] > git ls-files --stage -- /home/a7z1lu7h/d35kT0p/r3p0s/47z1Lu7h.github.io/docs/_posts/2016-09-01-links.md [0ms]
2024-12-01 19:32:19.276 [info] > git cat-file -s 38dcd9fc3c52612a784529d66b27cdf8d9fe001e [1ms]
2024-12-01 19:32:23.014 [info] > git show --textconv :test/_config.yml [6ms]
2024-12-01 19:32:23.014 [info] > git ls-files --stage -- /home/a7z1lu7h/d35kT0p/r3p0s/47z1Lu7h.github.io/test/_config.yml [1ms]
2024-12-01 19:32:23.020 [info] > git cat-file -s af1d04a3962b6516499da8216a2fef7d2cdb2205 [1ms]
2024-12-01 19:32:26.627 [info] > git show --textconv :docs/_posts/2019-10-09-what-next.md [5ms]
2024-12-01 19:32:26.627 [info] > git ls-files --stage -- /home/a7z1lu7h/d35kT0p/r3p0s/47z1Lu7h.github.io/docs/_posts/2019-10-09-what-next.md [1ms]
2024-12-01 19:32:26.633 [info] > git cat-file -s 9d300cd3c58698c1552ede3336b1561164e3fe76 [1ms]
2024-12-01 19:32:43.531 [info] > git show --textconv :test/_config.yml [5ms]
2024-12-01 19:32:43.532 [info] > git ls-files --stage -- /home/a7z1lu7h/d35kT0p/r3p0s/47z1Lu7h.github.io/test/_config.yml [1ms]
2024-12-01 19:32:43.537 [info] > git cat-file -s af1d04a3962b6516499da8216a2fef7d2cdb2205 [1ms]
2024-12-01 19:35:08.812 [info] > git show --textconv :docs/_posts/2016-09-01-links.md [6ms]
2024-12-01 19:35:08.812 [info] > git ls-files --stage -- /home/a7z1lu7h/d35kT0p/r3p0s/47z1Lu7h.github.io/docs/_posts/2016-09-01-links.md [1ms]
2024-12-01 19:35:08.818 [info] > git cat-file -s 38dcd9fc3c52612a784529d66b27cdf8d9fe001e [1ms]
2024-12-01 19:35:15.479 [info] > git show --textconv :docs/_docs/en/2.3-layouts.md [5ms]
2024-12-01 19:35:15.480 [info] > git ls-files --stage -- /home/a7z1lu7h/d35kT0p/r3p0s/47z1Lu7h.github.io/docs/_docs/en/2.3-layouts.md [1ms]
2024-12-01 19:35:15.486 [info] > git cat-file -s 4e0522a1736bfc81619109767bbbf2d53a84c28b [1ms]
2024-12-01 19:35:18.691 [info] > git log --format=%H%n%aN%n%aE%n%at%n%ct%n%P%n%D%n%B -z --shortstat --diff-merges=first-parent -n50 --skip=0 --topo-order --decorate=full --stdin [26ms]
2024-12-01 19:35:20.966 [info] > git show --textconv HEAD:docs/_config.yml [4ms]
2024-12-01 19:35:20.967 [info] > git ls-tree -l HEAD -- /home/a7z1lu7h/d35kT0p/r3p0s/47z1Lu7h.github.io/docs/_config.yml [1ms]
2024-12-01 19:35:34.660 [info] > git show --textconv HEAD:docs/_docs/en/2.2-navigation.md [7ms]
2024-12-01 19:35:34.660 [info] > git ls-tree -l HEAD -- /home/a7z1lu7h/d35kT0p/r3p0s/47z1Lu7h.github.io/docs/_docs/en/2.2-navigation.md [1ms]
2024-12-01 19:35:37.949 [info] > git show --textconv HEAD:docs/_config.yml [5ms]
2024-12-01 19:35:37.950 [info] > git ls-tree -l HEAD -- /home/a7z1lu7h/d35kT0p/r3p0s/47z1Lu7h.github.io/docs/_config.yml [1ms]
2024-12-01 19:35:50.465 [info] > git check-ignore -v -z --stdin [1ms]
2024-12-01 19:35:51.433 [info] > git show --textconv :docs/_config.yml [5ms]
2024-12-01 19:35:51.433 [info] > git ls-files --stage -- /home/a7z1lu7h/d35kT0p/r3p0s/47z1Lu7h.github.io/docs/_config.yml [0ms]
2024-12-01 19:35:51.438 [info] > git cat-file -s aef64743c821d8e72e91f6287cac1bb88885c869 [1ms]
2024-12-01 19:36:17.185 [info] > git show --textconv :docs/_config.dev.yml [6ms]
2024-12-01 19:36:17.185 [info] > git ls-files --stage -- /home/a7z1lu7h/d35kT0p/r3p0s/47z1Lu7h.github.io/docs/_config.dev.yml [1ms]
2024-12-01 19:36:17.191 [info] > git cat-file -s 3bdee3d39be5a0487dbc7542d3bdc83b0831d93c [1ms]
2024-12-01 19:36:21.499 [info] > git show --textconv :docs/_config.yml [6ms]
2024-12-01 19:36:21.499 [info] > git ls-files --stage -- /home/a7z1lu7h/d35kT0p/r3p0s/47z1Lu7h.github.io/docs/_config.yml [1ms]
2024-12-01 19:36:21.505 [info] > git cat-file -s aef64743c821d8e72e91f6287cac1bb88885c869 [1ms]
2024-12-01 19:36:42.646 [info] > git show --textconv :docs/_posts/2016-10-10-paragraphs.md [6ms]
2024-12-01 19:36:42.646 [info] > git ls-files --stage -- /home/a7z1lu7h/d35kT0p/r3p0s/47z1Lu7h.github.io/docs/_posts/2016-10-10-paragraphs.md [1ms]
2024-12-01 19:36:42.652 [info] > git cat-file -s 8e59c8b49f72ed7d4b8361f8ed2dfc5b3e75036c [1ms]
2024-12-01 19:36:45.992 [info] > git show --textconv :docs/_posts/2017-04-15-author.md [5ms]
2024-12-01 19:36:45.993 [info] > git ls-files --stage -- /home/a7z1lu7h/d35kT0p/r3p0s/47z1Lu7h.github.io/docs/_posts/2017-04-15-author.md [1ms]
2024-12-01 19:36:45.998 [info] > git cat-file -s e572486f0c92e0025a9a9791d4203df3a5708131 [1ms]
2024-12-01 19:36:47.409 [info] > git show --textconv :docs/_posts/2017-05-05-chart.md [6ms]
2024-12-01 19:36:47.409 [info] > git ls-files --stage -- /home/a7z1lu7h/d35kT0p/r3p0s/47z1Lu7h.github.io/docs/_posts/2017-05-05-chart.md [0ms]
2024-12-01 19:36:47.415 [info] > git cat-file -s 0a870c8fc723201783b56c43b0c66a94cc08dc21 [1ms]
2024-12-01 19:36:50.244 [info] > git log --format=%H%n%aN%n%aE%n%at%n%ct%n%P%n%D%n%B -z --shortstat --diff-merges=first-parent -n50 --skip=0 --topo-order --decorate=full --stdin [25ms]
