    OpenRGB v0.9
    Commit: b5f46e3f1de03595656c682fc2f068b66e735e63 from 2023-07-09 22:51:47 -0500
    Launched: 20241119_162702
====================================================================================================

1015  |Info:    Saving detector settings
1015  |Info:    ------------------------------------------------------
1015  |Info:    |               Start device detection               |
1015  |Info:    ------------------------------------------------------
1016  |Info:    Initializing HID interfaces: Success
1024  |Info:    ------------------------------------------------------
1024  |Info:    |             Detecting I2C interfaces               |
1024  |Info:    ------------------------------------------------------
1024  |Info:    Registering I2C interface: /dev/i2c-3 Device 10DE:2486 Subsystem: 1569:2486
1024  |Info:    Registering I2C interface: /dev/i2c-1 Device 1022:790B Subsystem: 1043:87C0
1024  |Info:    Registering I2C interface: /dev/i2c-6 Device 10DE:2486 Subsystem: 1569:2486
1024  |Info:    Registering I2C interface: /dev/i2c-4 Device 10DE:2486 Subsystem: 1569:2486
1024  |Info:    Registering I2C interface: /dev/i2c-2 Device 1022:790B Subsystem: 1043:87C0
1024  |Info:    Registering I2C interface: /dev/i2c-5 Device 10DE:2486 Subsystem: 1569:2486
1024  |Info:    ------------------------------------------------------
1024  |Info:    |               Detecting I2C devices                |
1024  |Info:    ------------------------------------------------------
1585  |Info:    ------------------------------------------------------
1585  |Info:    |               Detecting I2C PCI devices            |
1585  |Info:    ------------------------------------------------------
1585  |Info:    [Palit 3060Ti] Registering RGB controller
1585  |Info:    ------------------------------------------------------
1585  |Info:    |               Detecting HID devices                |
1585  |Info:    ------------------------------------------------------
1586  |Info:    ------------------------------------------------------
1586  |Info:    |            Detecting libusb HID devices            |
1586  |Info:    ------------------------------------------------------
1587  |Info:    ------------------------------------------------------
1587  |Info:    |              Detecting other devices               |
1587  |Info:    ------------------------------------------------------
1598  |Info:    ------------------------------------------------------
1599  |Info:    |                Detection completed                 |
1599  |Info:    ------------------------------------------------------
1599  |Dialog:  <h2>WARNING:</h2><p>The OpenRGB udev rules are not installed.</p><p>Most devices will not be available unless running OpenRGB as root.</p><p>If using AppImage, Flatpak, or self-compiled versions of OpenRGB you must install the udev rules manually</p><p>See <a href='https://openrgb.org/udev'>https://openrgb.org/udev</a> to install the udev rules manually</p>
