    OpenRGB v0.9
    Commit: b5f46e3f1de03595656c682fc2f068b66e735e63 from 2023-07-09 22:51:47 -0500
    Launched: 20241119_162735
====================================================================================================

1013  |Info:    ------------------------------------------------------
1013  |Info:    |               Start device detection               |
1013  |Info:    ------------------------------------------------------
1013  |Info:    Initializing HID interfaces: Success
1021  |Info:    ------------------------------------------------------
1021  |Info:    |             Detecting I2C interfaces               |
1021  |Info:    ------------------------------------------------------
1021  |Info:    Registering I2C interface: /dev/i2c-3 Device 10DE:2486 Subsystem: 1569:2486
1022  |Info:    Registering I2C interface: /dev/i2c-1 Device 1022:790B Subsystem: 1043:87C0
1022  |Info:    Registering I2C interface: /dev/i2c-6 Device 10DE:2486 Subsystem: 1569:2486
1022  |Info:    Registering I2C interface: /dev/i2c-4 Device 10DE:2486 Subsystem: 1569:2486
1022  |Info:    Registering I2C interface: /dev/i2c-2 Device 1022:790B Subsystem: 1043:87C0
1022  |Info:    Registering I2C interface: /dev/i2c-5 Device 10DE:2486 Subsystem: 1569:2486
1022  |Info:    ------------------------------------------------------
1022  |Info:    |               Detecting I2C devices                |
1022  |Info:    ------------------------------------------------------
1582  |Info:    ------------------------------------------------------
1582  |Info:    |               Detecting I2C PCI devices            |
1582  |Info:    ------------------------------------------------------
1583  |Info:    [Palit 3060Ti] Registering RGB controller
1583  |Info:    ------------------------------------------------------
1583  |Info:    |               Detecting HID devices                |
1583  |Info:    ------------------------------------------------------
1584  |Info:    ------------------------------------------------------
1584  |Info:    |            Detecting libusb HID devices            |
1584  |Info:    ------------------------------------------------------
1585  |Info:    ------------------------------------------------------
1585  |Info:    |              Detecting other devices               |
1585  |Info:    ------------------------------------------------------
1596  |Info:    ------------------------------------------------------
1596  |Info:    |                Detection completed                 |
1596  |Info:    ------------------------------------------------------
1596  |Dialog:  <h2>WARNING:</h2><p>The OpenRGB udev rules are not installed.</p><p>Most devices will not be available unless running OpenRGB as root.</p><p>If using AppImage, Flatpak, or self-compiled versions of OpenRGB you must install the udev rules manually</p><p>See <a href='https://openrgb.org/udev'>https://openrgb.org/udev</a> to install the udev rules manually</p>
6825  |Info:    ------------------------------------------------------
6825  |Info:    |               Start device detection               |
6825  |Info:    ------------------------------------------------------
6825  |Info:    Initializing HID interfaces: Success
6833  |Info:    ------------------------------------------------------
6833  |Info:    |             Detecting I2C interfaces               |
6833  |Info:    ------------------------------------------------------
6834  |Info:    Registering I2C interface: /dev/i2c-3 Device 10DE:2486 Subsystem: 1569:2486
6834  |Info:    Registering I2C interface: /dev/i2c-1 Device 1022:790B Subsystem: 1043:87C0
6834  |Info:    Registering I2C interface: /dev/i2c-6 Device 10DE:2486 Subsystem: 1569:2486
6834  |Info:    Registering I2C interface: /dev/i2c-4 Device 10DE:2486 Subsystem: 1569:2486
6834  |Info:    Registering I2C interface: /dev/i2c-2 Device 1022:790B Subsystem: 1043:87C0
6834  |Info:    Registering I2C interface: /dev/i2c-5 Device 10DE:2486 Subsystem: 1569:2486
6834  |Info:    ------------------------------------------------------
6834  |Info:    |               Detecting I2C devices                |
6834  |Info:    ------------------------------------------------------
7393  |Info:    ------------------------------------------------------
7393  |Info:    |               Detecting I2C PCI devices            |
7393  |Info:    ------------------------------------------------------
7394  |Info:    [Palit 3060Ti] Registering RGB controller
7394  |Info:    ------------------------------------------------------
7394  |Info:    |               Detecting HID devices                |
7394  |Info:    ------------------------------------------------------
7394  |Info:    ------------------------------------------------------
7394  |Info:    |            Detecting libusb HID devices            |
7394  |Info:    ------------------------------------------------------
7394  |Info:    ------------------------------------------------------
7394  |Info:    |              Detecting other devices               |
7394  |Info:    ------------------------------------------------------
7395  |Info:    ------------------------------------------------------
7395  |Info:    |                Detection completed                 |
7395  |Info:    ------------------------------------------------------
7395  |Dialog:  <h2>WARNING:</h2><p>The OpenRGB udev rules are not installed.</p><p>Most devices will not be available unless running OpenRGB as root.</p><p>If using AppImage, Flatpak, or self-compiled versions of OpenRGB you must install the udev rules manually</p><p>See <a href='https://openrgb.org/udev'>https://openrgb.org/udev</a> to install the udev rules manually</p>
41882 |Info:    ------------------------------------------------------
41882 |Info:    |               Start device detection               |
41882 |Info:    ------------------------------------------------------
41882 |Info:    Initializing HID interfaces: Success
41890 |Info:    ------------------------------------------------------
41890 |Info:    |             Detecting I2C interfaces               |
41890 |Info:    ------------------------------------------------------
41890 |Info:    Registering I2C interface: /dev/i2c-3 Device 10DE:2486 Subsystem: 1569:2486
41890 |Info:    Registering I2C interface: /dev/i2c-1 Device 1022:790B Subsystem: 1043:87C0
41890 |Info:    Registering I2C interface: /dev/i2c-6 Device 10DE:2486 Subsystem: 1569:2486
41890 |Info:    Registering I2C interface: /dev/i2c-4 Device 10DE:2486 Subsystem: 1569:2486
41890 |Info:    Registering I2C interface: /dev/i2c-2 Device 1022:790B Subsystem: 1043:87C0
41891 |Info:    Registering I2C interface: /dev/i2c-5 Device 10DE:2486 Subsystem: 1569:2486
41891 |Info:    ------------------------------------------------------
41891 |Info:    |               Detecting I2C devices                |
41891 |Info:    ------------------------------------------------------
42451 |Info:    ------------------------------------------------------
42451 |Info:    |               Detecting I2C PCI devices            |
42451 |Info:    ------------------------------------------------------
42452 |Info:    [Palit 3060Ti] Registering RGB controller
42452 |Info:    ------------------------------------------------------
42452 |Info:    |               Detecting HID devices                |
42452 |Info:    ------------------------------------------------------
42452 |Info:    ------------------------------------------------------
42452 |Info:    |            Detecting libusb HID devices            |
42452 |Info:    ------------------------------------------------------
42452 |Info:    ------------------------------------------------------
42452 |Info:    |              Detecting other devices               |
42452 |Info:    ------------------------------------------------------
42453 |Info:    ------------------------------------------------------
42453 |Info:    |                Detection completed                 |
42453 |Info:    ------------------------------------------------------
42453 |Dialog:  <h2>WARNING:</h2><p>The OpenRGB udev rules are not installed.</p><p>Most devices will not be available unless running OpenRGB as root.</p><p>If using AppImage, Flatpak, or self-compiled versions of OpenRGB you must install the udev rules manually</p><p>See <a href='https://openrgb.org/udev'>https://openrgb.org/udev</a> to install the udev rules manually</p>
