2024-12-02 21:34:43.917 [info] [main] Log level: Info
2024-12-02 21:34:43.917 [info] [main] Validating found git in: "git"
2024-12-02 21:34:43.917 [info] [main] Using git "2.45.2" from "git"
2024-12-02 21:34:43.917 [info] [Model][doInitialScan] Initial repository scan started
2024-12-02 21:34:43.917 [info] > git rev-parse --show-toplevel [15ms]
2024-12-02 21:34:43.917 [info] > git rev-parse --git-dir --git-common-dir [63ms]
2024-12-02 21:34:43.917 [info] [Model][openRepository] Opened repository: /home/a7z1lu7h/d35kT0p/r3p0s/47z1Lu7h.github.io
2024-12-02 21:34:43.917 [info] > git config --get commit.template [91ms]
2024-12-02 21:34:43.927 [info] > git for-each-ref --format=%(refname)%00%(upstream:short)%00%(objectname)%00%(upstream:track)%00%(upstream:remotename)%00%(upstream:remoteref) refs/heads/master refs/remotes/master [11ms]
2024-12-02 21:34:43.945 [info] > git status -z -uall [11ms]
2024-12-02 21:34:43.947 [info] > git rev-parse --show-toplevel [2ms]
2024-12-02 21:34:43.948 [info] > git for-each-ref --sort -committerdate --format %(refname) %(objectname) %(*objectname) [9ms]
2024-12-02 21:34:43.969 [info] > git for-each-ref --format=%(refname)%00%(upstream:short)%00%(objectname)%00%(upstream:track)%00%(upstream:remotename)%00%(upstream:remoteref) refs/heads/master refs/remotes/master [13ms]
2024-12-02 21:34:43.996 [info] > git config --local branch.master.vscode-merge-base [20ms]
2024-12-02 21:34:44.003 [info] > git config --get commit.template [34ms]
2024-12-02 21:34:44.003 [info] > git rev-parse --show-toplevel [39ms]
2024-12-02 21:34:44.019 [info] > git for-each-ref --format=%(refname)%00%(upstream:short)%00%(objectname)%00%(upstream:track)%00%(upstream:remotename)%00%(upstream:remoteref) refs/heads/origin/master refs/remotes/origin/master [17ms]
2024-12-02 21:34:44.036 [info] > git merge-base refs/heads/master refs/remotes/origin/master [11ms]
2024-12-02 21:34:44.042 [info] > git rev-parse --show-toplevel [24ms]
2024-12-02 21:34:44.048 [info] > git for-each-ref --format=%(refname)%00%(upstream:short)%00%(objectname)%00%(upstream:track)%00%(upstream:remotename)%00%(upstream:remoteref) refs/heads/master refs/remotes/master [12ms]
2024-12-02 21:34:44.057 [info] > git rev-parse --show-toplevel [9ms]
2024-12-02 21:34:44.057 [info] > git diff --name-status -z --diff-filter=ADMR b14741dc0e887e783ce98b8dbb1ad5dc6547ff2a...refs/remotes/origin/master [15ms]
2024-12-02 21:34:44.081 [info] > git status -z -uall [6ms]
2024-12-02 21:34:44.081 [info] > git rev-parse --show-toplevel [19ms]
2024-12-02 21:34:44.088 [info] > git for-each-ref --sort -committerdate --format %(refname) %(objectname) %(*objectname) [8ms]
2024-12-02 21:34:44.095 [info] > git rev-parse --show-toplevel [8ms]
2024-12-02 21:34:44.103 [info] > git rev-parse --show-toplevel [1ms]
2024-12-02 21:34:44.109 [info] > git rev-parse --show-toplevel [1ms]
2024-12-02 21:34:44.115 [info] > git rev-parse --show-toplevel [1ms]
2024-12-02 21:34:44.120 [info] > git rev-parse --show-toplevel [0ms]
2024-12-02 21:34:44.127 [info] > git rev-parse --show-toplevel [1ms]
2024-12-02 21:34:44.133 [info] > git rev-parse --show-toplevel [1ms]
2024-12-02 21:34:44.140 [info] > git rev-parse --show-toplevel [3ms]
2024-12-02 21:34:44.141 [info] [Model][doInitialScan] Initial repository scan completed - repositories (1), closed repositories (0), parent repositories (0), unsafe repositories (0)
2024-12-02 21:34:44.299 [info] > git check-ignore -v -z --stdin [2ms]
2024-12-02 21:38:53.643 [info] > git check-ignore -v -z --stdin [1ms]
