2024-12-02 21:34:43.097 [info] Added views:outline in workbench.view.explorer
2024-12-02 21:34:43.097 [info] Added views:workbench.view.search in workbench.view.search
2024-12-02 21:34:43.097 [info] Added views:workbench.scm in workbench.view.scm
2024-12-02 21:34:43.097 [info] Added views:workbench.panel.markers.view in workbench.panel.markers
2024-12-02 21:34:43.097 [info] Added views:workbench.panel.output in workbench.panel.output
2024-12-02 21:34:43.097 [info] Added views:terminal in terminal
2024-12-02 21:34:43.097 [info] Added views:timeline in workbench.view.explorer
2024-12-02 21:34:43.097 [info] Added views:workbench.explorer.fileView in workbench.view.explorer
2024-12-02 21:34:43.338 [info] Added views:github.codespaces.explorer in workbench.view.remote
2024-12-02 21:34:43.338 [info] Added views:github-actions.empty-view in workbench.view.extension.github-actions
2024-12-02 21:34:43.339 [info] Added views:pr:github,issues:github in workbench.view.extension.github-pull-requests
2024-12-02 21:34:43.340 [info] Added views:githubRepoMgr.views.account,githubRepoMgr.views.repositories in workbench.view.extension.githubRepoMgr
2024-12-02 21:34:43.340 [info] Added views:remoteHub.views.workspaceRepositories in workbench.view.remote
2024-12-02 21:34:43.454 [info] Added views:workbench.debug.welcome in workbench.view.debug
2024-12-02 21:34:43.498 [info] Added views:workbench.panel.repl.view in workbench.panel.repl
2024-12-02 21:34:43.612 [info] Added views:~remote.forwardedPorts in ~remote.forwardedPortsContainer
2024-12-02 21:34:43.743 [info] Added views:workbench.scm.history in workbench.view.scm
2024-12-02 21:34:44.144 [info] Added views:workbench.panel.comments in workbench.panel.comments
2024-12-02 21:34:45.761 [info] Added views:workbench.views.extensions.installed,workbench.views.extensions.popular,extensions.recommendedList in workbench.view.extensions
2024-12-02 21:34:45.762 [info] Removed views:workbench.views.extensions.popular from workbench.view.extensions
2024-12-02 21:34:52.313 [info] Removed views:extensions.recommendedList,workbench.views.extensions.installed from workbench.view.extensions
2024-12-02 21:34:52.317 [info] Added views:workbench.views.extensions.marketplace in workbench.view.extensions
2024-12-02 21:35:31.997 [info] Removed views:workbench.views.extensions.marketplace from workbench.view.extensions
2024-12-02 21:35:32.003 [info] Added views:workbench.views.extensions.installed,extensions.recommendedList in workbench.view.extensions
2024-12-02 21:35:36.859 [info] Removed views:extensions.recommendedList,workbench.views.extensions.installed from workbench.view.extensions
2024-12-02 21:35:36.862 [info] Added views:workbench.views.extensions.marketplace in workbench.view.extensions
2024-12-02 21:36:49.258 [info] Removed views:workbench.views.extensions.marketplace from workbench.view.extensions
2024-12-02 21:36:49.265 [info] Added views:workbench.views.extensions.installed,extensions.recommendedList in workbench.view.extensions
2024-12-02 21:36:52.337 [info] Removed views:extensions.recommendedList,workbench.views.extensions.installed from workbench.view.extensions
2024-12-02 21:36:52.340 [info] Added views:workbench.views.extensions.marketplace in workbench.view.extensions
2024-12-02 21:38:01.755 [info] Removed views:workbench.views.extensions.marketplace from workbench.view.extensions
2024-12-02 21:38:01.760 [info] Added views:workbench.views.extensions.installed,extensions.recommendedList in workbench.view.extensions
2024-12-02 21:38:03.501 [info] Removed views:extensions.recommendedList,workbench.views.extensions.installed from workbench.view.extensions
2024-12-02 21:38:03.504 [info] Added views:workbench.views.extensions.marketplace in workbench.view.extensions
2024-12-02 21:38:13.726 [info] Removed views:workbench.views.extensions.marketplace from workbench.view.extensions
2024-12-02 21:38:13.731 [info] Added views:workbench.views.extensions.installed,extensions.recommendedList in workbench.view.extensions
2024-12-02 21:39:13.893 [info] Removed views:workbench.scm.history from workbench.view.scm
