2024-12-01 19:52:02.499 [info] [main] Log level: Info
2024-12-01 19:52:02.499 [info] [main] Validating found git in: "git"
2024-12-01 19:52:02.499 [info] [main] Using git "2.45.2" from "git"
2024-12-01 19:52:02.499 [info] [Model][doInitialScan] Initial repository scan started
2024-12-01 19:52:02.499 [info] > git rev-parse --show-toplevel [5ms]
2024-12-01 19:52:02.499 [info] > git rev-parse --git-dir --git-common-dir [1ms]
2024-12-01 19:52:02.499 [info] [Model][openRepository] Opened repository: /home/a7z1lu7h/d35kT0p/r3p0s/47z1Lu7h.github.io
2024-12-01 19:52:02.511 [info] > git rev-parse --show-toplevel [2ms]
2024-12-01 19:52:02.512 [info] > git config --get commit.template [7ms]
2024-12-01 19:52:02.532 [info] > git for-each-ref --format=%(refname)%00%(upstream:short)%00%(objectname)%00%(upstream:track)%00%(upstream:remotename)%00%(upstream:remoteref) refs/heads/master refs/remotes/master [1ms]
2024-12-01 19:52:02.559 [info] > git status -z -uall [5ms]
2024-12-01 19:52:02.560 [info] > git rev-parse --show-toplevel [10ms]
2024-12-01 19:52:02.564 [info] > git for-each-ref --sort -committerdate --format %(refname) %(objectname) %(*objectname) [6ms]
2024-12-01 19:52:02.579 [info] > git for-each-ref --format=%(refname)%00%(upstream:short)%00%(objectname)%00%(upstream:track)%00%(upstream:remotename)%00%(upstream:remoteref) refs/heads/master refs/remotes/master [8ms]
2024-12-01 19:52:02.584 [info] > git rev-parse --show-toplevel [20ms]
2024-12-01 19:52:02.591 [info] > git config --local branch.master.vscode-merge-base [7ms]
2024-12-01 19:52:02.596 [info] > git config --get commit.template [19ms]
2024-12-01 19:52:02.598 [info] > git for-each-ref --format=%(refname)%00%(upstream:short)%00%(objectname)%00%(upstream:track)%00%(upstream:remotename)%00%(upstream:remoteref) refs/heads/origin/master refs/remotes/origin/master [3ms]
2024-12-01 19:52:02.610 [info] > git rev-parse --show-toplevel [21ms]
2024-12-01 19:52:02.643 [info] > git merge-base refs/heads/master refs/remotes/origin/master [40ms]
2024-12-01 19:52:02.659 [info] > git diff --name-status -z --diff-filter=ADMR 5fcfd606927a205d1589a7702c66d378d322f5c2...refs/remotes/origin/master [11ms]
2024-12-01 19:52:02.659 [info] > git rev-parse --show-toplevel [20ms]
2024-12-01 19:52:02.659 [info] > git for-each-ref --format=%(refname)%00%(upstream:short)%00%(objectname)%00%(upstream:track)%00%(upstream:remotename)%00%(upstream:remoteref) refs/heads/master refs/remotes/master [25ms]
2024-12-01 19:52:02.665 [info] > git rev-parse --show-toplevel [1ms]
2024-12-01 19:52:02.679 [info] > git status -z -uall [9ms]
2024-12-01 19:52:02.679 [info] > git for-each-ref --sort -committerdate --format %(refname) %(objectname) %(*objectname) [5ms]
2024-12-01 19:52:02.681 [info] > git rev-parse --show-toplevel [3ms]
2024-12-01 19:52:02.687 [info] > git rev-parse --show-toplevel [1ms]
2024-12-01 19:52:02.692 [info] > git rev-parse --show-toplevel [1ms]
2024-12-01 19:52:02.696 [info] > git rev-parse --show-toplevel [0ms]
2024-12-01 19:52:02.701 [info] > git rev-parse --show-toplevel [0ms]
2024-12-01 19:52:02.706 [info] > git rev-parse --show-toplevel [0ms]
2024-12-01 19:52:02.712 [info] > git rev-parse --show-toplevel [1ms]
2024-12-01 19:52:02.713 [info] [Model][doInitialScan] Initial repository scan completed - repositories (1), closed repositories (0), parent repositories (0), unsafe repositories (0)
2024-12-01 19:52:02.809 [info] > git show --textconv :docs/_posts/2017-05-05-chart.md [5ms]
2024-12-01 19:52:02.810 [info] > git ls-files --stage -- /home/a7z1lu7h/d35kT0p/r3p0s/47z1Lu7h.github.io/docs/_posts/2017-05-05-chart.md [1ms]
2024-12-01 19:52:02.815 [info] > git cat-file -s 0a870c8fc723201783b56c43b0c66a94cc08dc21 [1ms]
2024-12-01 19:52:03.030 [info] > git check-ignore -v -z --stdin [1ms]
2024-12-01 19:52:31.355 [info] > git show --textconv :docs/_config.yml [5ms]
2024-12-01 19:52:31.356 [info] > git ls-files --stage -- /home/a7z1lu7h/d35kT0p/r3p0s/47z1Lu7h.github.io/docs/_config.yml [1ms]
2024-12-01 19:52:31.361 [info] > git cat-file -s aef64743c821d8e72e91f6287cac1bb88885c869 [1ms]
2024-12-01 19:52:33.361 [info] > git show --textconv :docs/_posts/2017-05-05-chart.md [5ms]
2024-12-01 19:52:33.362 [info] > git ls-files --stage -- /home/a7z1lu7h/d35kT0p/r3p0s/47z1Lu7h.github.io/docs/_posts/2017-05-05-chart.md [1ms]
2024-12-01 19:52:33.367 [info] > git cat-file -s 0a870c8fc723201783b56c43b0c66a94cc08dc21 [1ms]
2024-12-01 19:52:48.929 [info] > git show --textconv :docs/_docs/en/2.2-navigation.md [5ms]
2024-12-01 19:52:48.930 [info] > git ls-files --stage -- /home/a7z1lu7h/d35kT0p/r3p0s/47z1Lu7h.github.io/docs/_docs/en/2.2-navigation.md [1ms]
2024-12-01 19:52:48.935 [info] > git cat-file -s 2458dad0590d0f224d6d1697aecdcc2194a123c3 [0ms]
2024-12-01 19:52:49.267 [info] > git check-ignore -v -z --stdin [1ms]
2024-12-01 19:52:52.094 [info] > git config --get commit.template [6ms]
2024-12-01 19:52:52.094 [info] > git for-each-ref --format=%(refname)%00%(upstream:short)%00%(objectname)%00%(upstream:track)%00%(upstream:remotename)%00%(upstream:remoteref) refs/heads/master refs/remotes/master [1ms]
2024-12-01 19:52:52.104 [info] > git status -z -uall [5ms]
2024-12-01 19:52:52.105 [info] > git for-each-ref --sort -committerdate --format %(refname) %(objectname) %(*objectname) [1ms]
2024-12-01 19:52:57.117 [info] > git config --get commit.template [6ms]
2024-12-01 19:52:57.117 [info] > git for-each-ref --format=%(refname)%00%(upstream:short)%00%(objectname)%00%(upstream:track)%00%(upstream:remotename)%00%(upstream:remoteref) refs/heads/master refs/remotes/master [1ms]
2024-12-01 19:52:57.127 [info] > git status -z -uall [5ms]
2024-12-01 19:52:57.128 [info] > git for-each-ref --sort -committerdate --format %(refname) %(objectname) %(*objectname) [1ms]
2024-12-01 19:52:57.547 [info] > git check-ignore -v -z --stdin [1ms]
2024-12-01 19:52:59.042 [info] > git show --textconv :docs/_data/navigation.yml [5ms]
2024-12-01 19:52:59.042 [info] > git ls-files --stage -- /home/a7z1lu7h/d35kT0p/r3p0s/47z1Lu7h.github.io/docs/_data/navigation.yml [0ms]
2024-12-01 19:52:59.047 [info] > git cat-file -s 2d5bca79d416b10a31f1718851d8450b02540471 [0ms]
2024-12-01 19:53:25.570 [info] > git check-ignore -v -z --stdin [1ms]
2024-12-01 19:53:27.594 [info] > git check-ignore -v -z --stdin [0ms]
2024-12-01 19:53:28.551 [info] > git show --textconv :README-zh.md [5ms]
2024-12-01 19:53:28.552 [info] > git ls-files --stage -- /home/a7z1lu7h/d35kT0p/r3p0s/47z1Lu7h.github.io/README-zh.md [1ms]
2024-12-01 19:53:28.557 [info] > git cat-file -s ed3021e60b639e96f2d11061ba431009dd17a203 [1ms]
2024-12-01 19:53:35.837 [info] > git check-ignore -v -z --stdin [1ms]
2024-12-01 19:53:53.876 [info] > git show --textconv :docs/_docs/en/1.1-quick-start.md [5ms]
2024-12-01 19:53:53.877 [info] > git ls-files --stage -- /home/a7z1lu7h/d35kT0p/r3p0s/47z1Lu7h.github.io/docs/_docs/en/1.1-quick-start.md [1ms]
2024-12-01 19:53:53.881 [info] > git cat-file -s e9874da3d7b2515e77c67265404420ede78caa37 [0ms]
2024-12-01 19:54:06.832 [info] > git show --textconv :docs/_docs/en/4.6-item.md [4ms]
2024-12-01 19:54:06.833 [info] > git ls-files --stage -- /home/a7z1lu7h/d35kT0p/r3p0s/47z1Lu7h.github.io/docs/_docs/en/4.6-item.md [1ms]
2024-12-01 19:54:06.838 [info] > git cat-file -s d87aa02ffacaec53d760cc8bfecca4693b8d7b24 [1ms]
2024-12-01 19:54:08.412 [info] > git show --textconv :docs/_docs/en/4.1-spacing.md [5ms]
2024-12-01 19:54:08.413 [info] > git ls-files --stage -- /home/a7z1lu7h/d35kT0p/r3p0s/47z1Lu7h.github.io/docs/_docs/en/4.1-spacing.md [1ms]
2024-12-01 19:54:08.418 [info] > git cat-file -s 957532b468415737424a00fd36877d07411d3c99 [0ms]
2024-12-01 19:54:10.112 [info] > git show --textconv :docs/_docs/en/2.4-logo-and-favicon.md [5ms]
2024-12-01 19:54:10.112 [info] > git ls-files --stage -- /home/a7z1lu7h/d35kT0p/r3p0s/47z1Lu7h.github.io/docs/_docs/en/2.4-logo-and-favicon.md [0ms]
2024-12-01 19:54:10.118 [info] > git cat-file -s 82b91480d04c728432d044b1a89790e254a1426f [1ms]
2024-12-01 19:54:11.683 [info] > git show --textconv :docs/_docs/en/2.2-navigation.md [5ms]
2024-12-01 19:54:11.684 [info] > git ls-files --stage -- /home/a7z1lu7h/d35kT0p/r3p0s/47z1Lu7h.github.io/docs/_docs/en/2.2-navigation.md [1ms]
2024-12-01 19:54:11.689 [info] > git cat-file -s 2458dad0590d0f224d6d1697aecdcc2194a123c3 [1ms]
2024-12-01 19:54:12.493 [info] > git show --textconv :docs/_docs/en/2.3-layouts.md [6ms]
2024-12-01 19:54:12.493 [info] > git ls-files --stage -- /home/a7z1lu7h/d35kT0p/r3p0s/47z1Lu7h.github.io/docs/_docs/en/2.3-layouts.md [1ms]
2024-12-01 19:54:12.498 [info] > git cat-file -s 4e0522a1736bfc81619109767bbbf2d53a84c28b [0ms]
2024-12-01 19:54:13.562 [info] > git show --textconv :docs/_docs/en/2.2-navigation.md [5ms]
2024-12-01 19:54:13.562 [info] > git ls-files --stage -- /home/a7z1lu7h/d35kT0p/r3p0s/47z1Lu7h.github.io/docs/_docs/en/2.2-navigation.md [0ms]
2024-12-01 19:54:13.568 [info] > git cat-file -s 2458dad0590d0f224d6d1697aecdcc2194a123c3 [1ms]
2024-12-01 19:54:20.353 [info] > git check-ignore -v -z --stdin [1ms]
2024-12-01 19:54:21.462 [info] > git check-ignore -v -z --stdin [1ms]
2024-12-01 19:54:22.284 [info] > git show --textconv :docs/_includes/article/footer/custom.html [4ms]
2024-12-01 19:54:22.285 [info] > git ls-files --stage -- /home/a7z1lu7h/d35kT0p/r3p0s/47z1Lu7h.github.io/docs/_includes/article/footer/custom.html [1ms]
2024-12-01 19:54:22.290 [info] > git cat-file -s 866459e74f7d297576b902593a790033bf6d2e06 [1ms]
2024-12-01 19:54:27.538 [info] > git check-ignore -v -z --stdin [1ms]
2024-12-01 19:54:34.801 [info] > git check-ignore -v -z --stdin [1ms]
2024-12-01 19:54:35.620 [info] > git show --textconv :docs/_includes/main/bottom/custom.html [6ms]
2024-12-01 19:54:35.621 [info] > git ls-files --stage -- /home/a7z1lu7h/d35kT0p/r3p0s/47z1Lu7h.github.io/docs/_includes/main/bottom/custom.html [1ms]
2024-12-01 19:54:35.627 [info] > git cat-file -s 6da85c636d5c21a65c05a597b6ae7bbc27d3df35 [1ms]
2024-12-01 19:54:43.282 [info] > git show --textconv :docs/_posts/2015-01-01-article-with-long-toc.md [5ms]
2024-12-01 19:54:43.283 [info] > git ls-files --stage -- /home/a7z1lu7h/d35kT0p/r3p0s/47z1Lu7h.github.io/docs/_posts/2015-01-01-article-with-long-toc.md [1ms]
2024-12-01 19:54:43.288 [info] > git cat-file -s 1448b6c6ac730401aceed5102a180718dece6472 [1ms]
2024-12-01 19:54:47.159 [info] > git show --textconv :docs/_config.yml [6ms]
2024-12-01 19:54:47.159 [info] > git ls-files --stage -- /home/a7z1lu7h/d35kT0p/r3p0s/47z1Lu7h.github.io/docs/_config.yml [1ms]
2024-12-01 19:54:47.164 [info] > git cat-file -s aef64743c821d8e72e91f6287cac1bb88885c869 [0ms]
2024-12-01 19:54:50.213 [info] > git check-ignore -v -z --stdin [1ms]
2024-12-01 19:54:53.866 [info] > git check-ignore -v -z --stdin [1ms]
2024-12-01 19:54:55.102 [info] > git check-ignore -v -z --stdin [1ms]
2024-12-01 19:54:56.818 [info] > git show --textconv :test/Gemfile [5ms]
2024-12-01 19:54:56.818 [info] > git ls-files --stage -- /home/a7z1lu7h/d35kT0p/r3p0s/47z1Lu7h.github.io/test/Gemfile [0ms]
2024-12-01 19:54:56.824 [info] > git cat-file -s cc2192098cf4d9a3bda73be87c2737fdedc17d2f [1ms]
2024-12-01 19:55:02.017 [info] > git show --textconv :test/index.html [6ms]
2024-12-01 19:55:02.017 [info] > git ls-files --stage -- /home/a7z1lu7h/d35kT0p/r3p0s/47z1Lu7h.github.io/test/index.html [1ms]
2024-12-01 19:55:02.022 [info] > git cat-file -s 989857ffdce232937f8d37fd001cc7df978ca9ee [0ms]
2024-12-01 19:55:06.194 [info] > git show --textconv :test/archive.html [5ms]
2024-12-01 19:55:06.195 [info] > git ls-files --stage -- /home/a7z1lu7h/d35kT0p/r3p0s/47z1Lu7h.github.io/test/archive.html [1ms]
2024-12-01 19:55:06.200 [info] > git cat-file -s 89dc810eadb76b097f56d86ff515248a5752c09e [1ms]
2024-12-01 19:55:13.550 [info] > git check-ignore -v -z --stdin [1ms]
2024-12-01 19:55:40.620 [info] > git check-ignore -v -z --stdin [0ms]
2024-12-01 19:55:46.629 [info] > git show --textconv :test/index.html [5ms]
2024-12-01 19:55:46.630 [info] > git ls-files --stage -- /home/a7z1lu7h/d35kT0p/r3p0s/47z1Lu7h.github.io/test/index.html [1ms]
2024-12-01 19:55:46.636 [info] > git cat-file -s 989857ffdce232937f8d37fd001cc7df978ca9ee [0ms]
2024-12-01 19:55:48.555 [info] > git show --textconv :test/Gemfile [6ms]
2024-12-01 19:55:48.556 [info] > git ls-files --stage -- /home/a7z1lu7h/d35kT0p/r3p0s/47z1Lu7h.github.io/test/Gemfile [1ms]
2024-12-01 19:55:48.561 [info] > git cat-file -s cc2192098cf4d9a3bda73be87c2737fdedc17d2f [0ms]
2024-12-01 19:55:51.659 [info] > git check-ignore -v -z --stdin [1ms]
2024-12-01 19:55:55.403 [info] > git show --textconv :test/_data/navigation.yml [5ms]
2024-12-01 19:55:55.404 [info] > git ls-files --stage -- /home/a7z1lu7h/d35kT0p/r3p0s/47z1Lu7h.github.io/test/_data/navigation.yml [1ms]
2024-12-01 19:55:55.409 [info] > git cat-file -s e6f5ee962e97577b8ba04cf5dff11e8248ff6402 [1ms]
2024-12-01 19:56:06.024 [info] > git show --textconv :_config.yml [6ms]
2024-12-01 19:56:06.024 [info] > git ls-files --stage -- /home/a7z1lu7h/d35kT0p/r3p0s/47z1Lu7h.github.io/_config.yml [1ms]
2024-12-01 19:56:06.030 [info] > git cat-file -s aaf070eaae7b02e9624abc855c56719518deb069 [1ms]
2024-12-01 19:56:47.349 [info] > git show --textconv :Gemfile [6ms]
2024-12-01 19:56:47.349 [info] > git ls-files --stage -- /home/a7z1lu7h/d35kT0p/r3p0s/47z1Lu7h.github.io/Gemfile [1ms]
2024-12-01 19:56:47.355 [info] > git cat-file -s 8d0bcf1fdc5f114a247b7f43c478b7cc8da66777 [1ms]
2024-12-01 19:56:50.367 [info] > git show --textconv :HOW_TO_RELEASE.md [5ms]
2024-12-01 19:56:50.368 [info] > git ls-files --stage -- /home/a7z1lu7h/d35kT0p/r3p0s/47z1Lu7h.github.io/HOW_TO_RELEASE.md [1ms]
2024-12-01 19:56:50.373 [info] > git cat-file -s a10499b073bbc959cdcfc9ae6270fc4d5749d75d [1ms]
2024-12-01 19:57:02.381 [info] > git show --textconv :Gemfile [5ms]
2024-12-01 19:57:02.382 [info] > git ls-files --stage -- /home/a7z1lu7h/d35kT0p/r3p0s/47z1Lu7h.github.io/Gemfile [1ms]
2024-12-01 19:57:02.387 [info] > git cat-file -s 8d0bcf1fdc5f114a247b7f43c478b7cc8da66777 [1ms]
2024-12-01 19:57:04.378 [info] > git show --textconv :index.html [6ms]
2024-12-01 19:57:04.378 [info] > git ls-files --stage -- /home/a7z1lu7h/d35kT0p/r3p0s/47z1Lu7h.github.io/index.html [0ms]
2024-12-01 19:57:04.384 [info] > git cat-file -s 989857ffdce232937f8d37fd001cc7df978ca9ee [1ms]
2024-12-01 19:57:10.905 [info] > git check-ignore -v -z --stdin [1ms]
2024-12-01 19:57:13.810 [info] > git show --textconv :_layouts/home.html [5ms]
2024-12-01 19:57:13.811 [info] > git ls-files --stage -- /home/a7z1lu7h/d35kT0p/r3p0s/47z1Lu7h.github.io/_layouts/home.html [1ms]
2024-12-01 19:57:13.816 [info] > git cat-file -s 553cc5afd4bc8346471293b5eb0a3e8dfd27afc5 [0ms]
2024-12-01 19:58:19.297 [info] > git show --textconv :.travis.yml [5ms]
2024-12-01 19:58:19.298 [info] > git ls-files --stage -- /home/a7z1lu7h/d35kT0p/r3p0s/47z1Lu7h.github.io/.travis.yml [1ms]
2024-12-01 19:58:19.303 [info] > git cat-file -s 09f7f28b4260381f9d28336972a4073ca32ccc2a [0ms]
2024-12-01 19:58:22.237 [info] > git show --textconv :.eslintrc [6ms]
2024-12-01 19:58:22.237 [info] > git ls-files --stage -- /home/a7z1lu7h/d35kT0p/r3p0s/47z1Lu7h.github.io/.eslintrc [1ms]
2024-12-01 19:58:22.244 [info] > git cat-file -s 975a2e82ba683aed74922f27fc3633f1f0a7a98e [2ms]
2024-12-01 19:58:25.935 [info] > git show --textconv :archive.html [7ms]
2024-12-01 19:58:25.935 [info] > git ls-files --stage -- /home/a7z1lu7h/d35kT0p/r3p0s/47z1Lu7h.github.io/archive.html [1ms]
2024-12-01 19:58:25.941 [info] > git cat-file -s 89dc810eadb76b097f56d86ff515248a5752c09e [1ms]
2024-12-01 19:58:31.099 [info] > git show --textconv :_layouts/article.html [5ms]
2024-12-01 19:58:31.100 [info] > git ls-files --stage -- /home/a7z1lu7h/d35kT0p/r3p0s/47z1Lu7h.github.io/_layouts/article.html [1ms]
2024-12-01 19:58:31.105 [info] > git cat-file -s 80f3b3ca7043e21452ea2ea67ec332d4c72082f9 [0ms]
2024-12-01 19:58:34.659 [info] > git show --textconv :_layouts/articles.html [6ms]
2024-12-01 19:58:34.659 [info] > git ls-files --stage -- /home/a7z1lu7h/d35kT0p/r3p0s/47z1Lu7h.github.io/_layouts/articles.html [1ms]
2024-12-01 19:58:34.665 [info] > git cat-file -s 00738a1044649c3b674336688a8ebcd99bc1a8f5 [1ms]
2024-12-01 19:59:26.402 [info] > git show --textconv :docs/_docs/zh/2.2-navigation.md [5ms]
2024-12-01 19:59:26.403 [info] > git ls-files --stage -- /home/a7z1lu7h/d35kT0p/r3p0s/47z1Lu7h.github.io/docs/_docs/zh/2.2-navigation.md [0ms]
2024-12-01 19:59:26.408 [info] > git cat-file -s 20e4a74ed7a22763576191dbacd5438767bebcfc [1ms]
2024-12-01 19:59:35.957 [info] > git check-ignore -v -z --stdin [1ms]
2024-12-01 19:59:36.650 [info] > git check-ignore -v -z --stdin [1ms]
2024-12-01 19:59:37.442 [info] > git show --textconv :docs/_sample_articles/1.1-brief.md [5ms]
2024-12-01 19:59:37.443 [info] > git ls-files --stage -- /home/a7z1lu7h/d35kT0p/r3p0s/47z1Lu7h.github.io/docs/_sample_articles/1.1-brief.md [1ms]
2024-12-01 19:59:37.449 [info] > git cat-file -s 455f13d6f7de8bbcd26cf64fd3f22ff105fa95cc [1ms]
2024-12-01 19:59:51.245 [info] > git check-ignore -v -z --stdin [1ms]
2024-12-01 19:59:53.573 [info] > git check-ignore -v -z --stdin [1ms]
2024-12-01 19:59:54.335 [info] > git check-ignore -v -z --stdin [1ms]
2024-12-01 20:00:01.240 [info] > git show --textconv :docs/_sample_articles/2.5-item-cover-excerpt-readmore-info.md [5ms]
2024-12-01 20:00:01.240 [info] > git ls-files --stage -- /home/a7z1lu7h/d35kT0p/r3p0s/47z1Lu7h.github.io/docs/_sample_articles/2.5-item-cover-excerpt-readmore-info.md [1ms]
2024-12-01 20:00:01.246 [info] > git cat-file -s 54d8c5283025bb8ccc2051211f9cab6e6a5cb910 [1ms]
2024-12-01 20:00:11.824 [info] > git show --textconv :docs/_includes/article/footer/custom.html [6ms]
2024-12-01 20:00:11.824 [info] > git ls-files --stage -- /home/a7z1lu7h/d35kT0p/r3p0s/47z1Lu7h.github.io/docs/_includes/article/footer/custom.html [1ms]
2024-12-01 20:00:11.830 [info] > git cat-file -s 866459e74f7d297576b902593a790033bf6d2e06 [1ms]
2024-12-01 20:00:20.401 [info] > git show --textconv :docs/_includes/main/bottom/custom.html [6ms]
2024-12-01 20:00:20.401 [info] > git ls-files --stage -- /home/a7z1lu7h/d35kT0p/r3p0s/47z1Lu7h.github.io/docs/_includes/main/bottom/custom.html [0ms]
2024-12-01 20:00:20.407 [info] > git cat-file -s 6da85c636d5c21a65c05a597b6ae7bbc27d3df35 [1ms]
2024-12-01 20:00:26.893 [info] > git show --textconv :docs/_posts/2015-01-01-article-with-long-toc.md [6ms]
2024-12-01 20:00:26.893 [info] > git ls-files --stage -- /home/a7z1lu7h/d35kT0p/r3p0s/47z1Lu7h.github.io/docs/_posts/2015-01-01-article-with-long-toc.md [1ms]
2024-12-01 20:00:26.899 [info] > git cat-file -s 1448b6c6ac730401aceed5102a180718dece6472 [1ms]
2024-12-01 20:00:28.390 [info] > git show --textconv :docs/_posts/2015-01-03-article-with-lots-images.md [6ms]
2024-12-01 20:00:28.390 [info] > git ls-files --stage -- /home/a7z1lu7h/d35kT0p/r3p0s/47z1Lu7h.github.io/docs/_posts/2015-01-03-article-with-lots-images.md [1ms]
2024-12-01 20:00:28.395 [info] > git cat-file -s 0bdecb41d7b1ac16efcdd9ac9773b1a2bdfec5eb [0ms]
2024-12-01 20:00:33.802 [info] > git show --textconv :docs/_posts/2015-01-06-punctuation-characters'.md [6ms]
2024-12-01 20:00:33.802 [info] > git ls-files --stage -- /home/a7z1lu7h/d35kT0p/r3p0s/47z1Lu7h.github.io/docs/_posts/2015-01-06-punctuation-characters'.md [1ms]
2024-12-01 20:00:33.808 [info] > git cat-file -s 0c6a60dda31e60d790cde4437356334e68e96251 [1ms]
2024-12-01 20:00:35.953 [info] > git show --textconv :docs/_posts/2015-02-02-very-long-title.md [6ms]
2024-12-01 20:00:35.953 [info] > git ls-files --stage -- /home/a7z1lu7h/d35kT0p/r3p0s/47z1Lu7h.github.io/docs/_posts/2015-02-02-very-long-title.md [1ms]
2024-12-01 20:00:35.959 [info] > git cat-file -s b3cef0af2cd01e8bf7fdae72bd65ad8dcebbd0ca [1ms]
2024-12-01 20:00:38.821 [info] > git show --textconv :docs/_posts/2016-05-02-horizontal-rules.md [6ms]
2024-12-01 20:00:38.821 [info] > git ls-files --stage -- /home/a7z1lu7h/d35kT0p/r3p0s/47z1Lu7h.github.io/docs/_posts/2016-05-02-horizontal-rules.md [1ms]
2024-12-01 20:00:38.826 [info] > git cat-file -s 2ee8df7c4333ebfe59276195de81018de2018fcd [1ms]
2024-12-01 20:00:43.258 [info] > git show --textconv :docs/_posts/2016-05-04-footnote.md [6ms]
2024-12-01 20:00:43.258 [info] > git ls-files --stage -- /home/a7z1lu7h/d35kT0p/r3p0s/47z1Lu7h.github.io/docs/_posts/2016-05-04-footnote.md [1ms]
2024-12-01 20:00:43.264 [info] > git cat-file -s db2f8c7b6090a99736ee8ff57b30e0f6cba84ac6 [1ms]
2024-12-01 20:00:45.310 [info] > git show --textconv :docs/_posts/2016-05-05-definition.md [5ms]
2024-12-01 20:00:45.311 [info] > git ls-files --stage -- /home/a7z1lu7h/d35kT0p/r3p0s/47z1Lu7h.github.io/docs/_posts/2016-05-05-definition.md [1ms]
2024-12-01 20:00:45.316 [info] > git cat-file -s b277bb20aaef355036e99b27b6526b025ee536c4 [1ms]
2024-12-01 20:00:45.979 [info] > git show --textconv :docs/_posts/2016-05-08-blockquotes.md [5ms]
2024-12-01 20:00:45.980 [info] > git ls-files --stage -- /home/a7z1lu7h/d35kT0p/r3p0s/47z1Lu7h.github.io/docs/_posts/2016-05-08-blockquotes.md [1ms]
2024-12-01 20:00:45.985 [info] > git cat-file -s 5ee95ac0156607f77530692b170958b96f21f4be [1ms]
2024-12-01 20:00:56.232 [info] > git check-ignore -v -z --stdin [1ms]
2024-12-01 20:00:57.536 [info] > git check-ignore -v -z --stdin [0ms]
2024-12-01 20:01:13.914 [info] > git show --textconv :docs/_posts/2015-01-01-article-with-long-toc.md [6ms]
2024-12-01 20:01:13.914 [info] > git ls-files --stage -- /home/a7z1lu7h/d35kT0p/r3p0s/47z1Lu7h.github.io/docs/_posts/2015-01-01-article-with-long-toc.md [1ms]
2024-12-01 20:01:13.920 [info] > git cat-file -s 1448b6c6ac730401aceed5102a180718dece6472 [1ms]
2024-12-01 20:01:19.033 [info] > git show --textconv :docs/_posts/2016-05-04-footnote.md [5ms]
2024-12-01 20:01:19.033 [info] > git ls-files --stage -- /home/a7z1lu7h/d35kT0p/r3p0s/47z1Lu7h.github.io/docs/_posts/2016-05-04-footnote.md [0ms]
2024-12-01 20:01:19.039 [info] > git cat-file -s db2f8c7b6090a99736ee8ff57b30e0f6cba84ac6 [1ms]
2024-12-01 20:01:22.530 [info] > git show --textconv :docs/_posts/2016-05-05-definition.md [6ms]
2024-12-01 20:01:22.530 [info] > git ls-files --stage -- /home/a7z1lu7h/d35kT0p/r3p0s/47z1Lu7h.github.io/docs/_posts/2016-05-05-definition.md [1ms]
2024-12-01 20:01:22.536 [info] > git cat-file -s b277bb20aaef355036e99b27b6526b025ee536c4 [1ms]
2024-12-01 20:01:24.039 [info] > git show --textconv :docs/_posts/2015-02-02-very-long-title.md [5ms]
2024-12-01 20:01:24.040 [info] > git ls-files --stage -- /home/a7z1lu7h/d35kT0p/r3p0s/47z1Lu7h.github.io/docs/_posts/2015-02-02-very-long-title.md [1ms]
2024-12-01 20:01:24.045 [info] > git cat-file -s b3cef0af2cd01e8bf7fdae72bd65ad8dcebbd0ca [0ms]
2024-12-01 20:01:25.809 [info] > git show --textconv :docs/_posts/2016-09-19-headers.md [6ms]
2024-12-01 20:01:25.809 [info] > git ls-files --stage -- /home/a7z1lu7h/d35kT0p/r3p0s/47z1Lu7h.github.io/docs/_posts/2016-09-19-headers.md [0ms]
2024-12-01 20:01:25.814 [info] > git cat-file -s 384c9ee36ef47b4655cba46e560cecf7ca749971 [0ms]
2024-12-01 20:01:34.630 [info] > git show --textconv :docs/_posts/2016-10-10-paragraphs.md [6ms]
2024-12-01 20:01:34.630 [info] > git ls-files --stage -- /home/a7z1lu7h/d35kT0p/r3p0s/47z1Lu7h.github.io/docs/_posts/2016-10-10-paragraphs.md [1ms]
2024-12-01 20:01:34.636 [info] > git cat-file -s 8e59c8b49f72ed7d4b8361f8ed2dfc5b3e75036c [1ms]
2024-12-01 20:01:40.361 [info] > git show --textconv :docs/_posts/2017-04-15-author.md [5ms]
2024-12-01 20:01:40.362 [info] > git ls-files --stage -- /home/a7z1lu7h/d35kT0p/r3p0s/47z1Lu7h.github.io/docs/_posts/2017-04-15-author.md [1ms]
2024-12-01 20:01:40.367 [info] > git cat-file -s e572486f0c92e0025a9a9791d4203df3a5708131 [1ms]
2024-12-01 20:01:41.809 [info] > git show --textconv :docs/_posts/2017-04-19-modify-date.md [5ms]
2024-12-01 20:01:41.810 [info] > git ls-files --stage -- /home/a7z1lu7h/d35kT0p/r3p0s/47z1Lu7h.github.io/docs/_posts/2017-04-19-modify-date.md [1ms]
2024-12-01 20:01:41.815 [info] > git cat-file -s 317ae1b2782f501681ff87282587f92c56a0ce98 [0ms]
2024-12-01 20:01:44.154 [info] > git show --textconv :docs/_posts/2017-05-05-chart.md [6ms]
2024-12-01 20:01:44.154 [info] > git ls-files --stage -- /home/a7z1lu7h/d35kT0p/r3p0s/47z1Lu7h.github.io/docs/_posts/2017-05-05-chart.md [1ms]
2024-12-01 20:01:44.159 [info] > git cat-file -s 0a870c8fc723201783b56c43b0c66a94cc08dc21 [0ms]
2024-12-01 20:01:45.071 [info] > git show --textconv :docs/_posts/2017-07-07-mathjax.md [5ms]
2024-12-01 20:01:45.072 [info] > git ls-files --stage -- /home/a7z1lu7h/d35kT0p/r3p0s/47z1Lu7h.github.io/docs/_posts/2017-07-07-mathjax.md [1ms]
2024-12-01 20:01:45.078 [info] > git cat-file -s 5f8dcc2940765e266dbab3ff74b4702f56526ced [1ms]
2024-12-01 20:01:59.563 [info] > git show --textconv :docs/landing.html [5ms]
2024-12-01 20:01:59.564 [info] > git ls-files --stage -- /home/a7z1lu7h/d35kT0p/r3p0s/47z1Lu7h.github.io/docs/landing.html [1ms]
2024-12-01 20:01:59.569 [info] > git cat-file -s 544e653d3eb3fddb7061c957c9b4e71bb843432c [1ms]
2024-12-01 20:02:04.034 [info] > git show --textconv :docs/_config.yml [6ms]
2024-12-01 20:02:04.034 [info] > git ls-files --stage -- /home/a7z1lu7h/d35kT0p/r3p0s/47z1Lu7h.github.io/docs/_config.yml [0ms]
2024-12-01 20:02:04.039 [info] > git cat-file -s aef64743c821d8e72e91f6287cac1bb88885c869 [1ms]
2024-12-01 20:02:09.525 [info] > git check-ignore -v -z --stdin [1ms]
2024-12-01 20:02:10.279 [info] > git check-ignore -v -z --stdin [1ms]
2024-12-01 20:02:12.242 [info] > git show --textconv :_data/navigation.yml [5ms]
2024-12-01 20:02:12.243 [info] > git ls-files --stage -- /home/a7z1lu7h/d35kT0p/r3p0s/47z1Lu7h.github.io/_data/navigation.yml [1ms]
2024-12-01 20:02:12.248 [info] > git cat-file -s 17dc853db98b32eddb8ff73644a72a94464f71ae [1ms]
2024-12-01 20:02:24.543 [info] > git check-ignore -v -z --stdin [1ms]
2024-12-01 20:02:25.732 [info] > git show --textconv :_includes/sidebar/toc.html [5ms]
2024-12-01 20:02:25.732 [info] > git ls-files --stage -- /home/a7z1lu7h/d35kT0p/r3p0s/47z1Lu7h.github.io/_includes/sidebar/toc.html [1ms]
2024-12-01 20:02:25.738 [info] > git cat-file -s 4e3469e16ca8a3180edce967b126a83582a5f4e1 [1ms]
2024-12-01 20:09:33.993 [info] > git check-ignore -v -z --stdin [1ms]
2024-12-01 20:09:35.048 [info] > git check-ignore -v -z --stdin [2ms]
2024-12-01 20:09:38.623 [info] > git check-ignore -v -z --stdin [1ms]
2024-12-01 20:09:40.574 [info] > git check-ignore -v -z --stdin [0ms]
2024-12-01 20:09:41.891 [info] > git check-ignore -v -z --stdin [0ms]
2024-12-01 20:09:43.161 [info] > git check-ignore -v -z --stdin [1ms]
2024-12-01 20:09:44.463 [info] > git show --textconv :_includes/scripts/aside/affix.js [6ms]
2024-12-01 20:09:44.463 [info] > git ls-files --stage -- /home/a7z1lu7h/d35kT0p/r3p0s/47z1Lu7h.github.io/_includes/scripts/aside/affix.js [1ms]
2024-12-01 20:09:44.468 [info] > git cat-file -s 1db3b8e7c4cfd2fefe2c1b0c32dcdb1852d293bc [1ms]
2024-12-01 20:09:45.850 [info] > git show --textconv :_includes/scripts/aside/toc.js [6ms]
2024-12-01 20:09:45.850 [info] > git ls-files --stage -- /home/a7z1lu7h/d35kT0p/r3p0s/47z1Lu7h.github.io/_includes/scripts/aside/toc.js [1ms]
2024-12-01 20:09:45.856 [info] > git cat-file -s a19ea95b96cd96ea98721e26bc3af38191583f58 [1ms]
2024-12-01 20:09:49.139 [info] > git show --textconv :_includes/scripts/aside/affix.js [6ms]
2024-12-01 20:09:49.139 [info] > git ls-files --stage -- /home/a7z1lu7h/d35kT0p/r3p0s/47z1Lu7h.github.io/_includes/scripts/aside/affix.js [1ms]
2024-12-01 20:09:49.145 [info] > git cat-file -s 1db3b8e7c4cfd2fefe2c1b0c32dcdb1852d293bc [1ms]
2024-12-01 20:09:50.001 [info] > git show --textconv :_includes/scripts/aside/toc.js [5ms]
2024-12-01 20:09:50.002 [info] > git ls-files --stage -- /home/a7z1lu7h/d35kT0p/r3p0s/47z1Lu7h.github.io/_includes/scripts/aside/toc.js [1ms]
2024-12-01 20:09:50.008 [info] > git cat-file -s a19ea95b96cd96ea98721e26bc3af38191583f58 [1ms]
2024-12-01 20:09:55.801 [info] > git check-ignore -v -z --stdin [1ms]
2024-12-01 20:09:57.650 [info] > git check-ignore -v -z --stdin [1ms]
2024-12-01 20:10:33.286 [info] > git show --textconv :_layouts/home.html [5ms]
2024-12-01 20:10:33.286 [info] > git ls-files --stage -- /home/a7z1lu7h/d35kT0p/r3p0s/47z1Lu7h.github.io/_layouts/home.html [0ms]
2024-12-01 20:10:33.292 [info] > git cat-file -s 553cc5afd4bc8346471293b5eb0a3e8dfd27afc5 [1ms]
2024-12-01 20:11:11.747 [info] > git show --textconv :index.html [6ms]
2024-12-01 20:11:11.747 [info] > git ls-files --stage -- /home/a7z1lu7h/d35kT0p/r3p0s/47z1Lu7h.github.io/index.html [1ms]
2024-12-01 20:11:11.753 [info] > git cat-file -s 989857ffdce232937f8d37fd001cc7df978ca9ee [1ms]
2024-12-01 20:11:20.783 [info] > git show --textconv :_layouts/landing.html [4ms]
2024-12-01 20:11:20.784 [info] > git ls-files --stage -- /home/a7z1lu7h/d35kT0p/r3p0s/47z1Lu7h.github.io/_layouts/landing.html [1ms]
2024-12-01 20:11:20.789 [info] > git cat-file -s 306067b2b14bc8ff9df2c7a55faaea7c5940b3ee [0ms]
2024-12-01 20:11:25.394 [info] > git show --textconv :_layouts/home.html [5ms]
2024-12-01 20:11:25.395 [info] > git ls-files --stage -- /home/a7z1lu7h/d35kT0p/r3p0s/47z1Lu7h.github.io/_layouts/home.html [1ms]
2024-12-01 20:11:25.400 [info] > git cat-file -s 553cc5afd4bc8346471293b5eb0a3e8dfd27afc5 [0ms]
2024-12-01 20:12:31.548 [info] > git show --textconv :_includes/article-info.html [6ms]
2024-12-01 20:12:31.549 [info] > git ls-files --stage -- /home/a7z1lu7h/d35kT0p/r3p0s/47z1Lu7h.github.io/_includes/article-info.html [0ms]
2024-12-01 20:12:31.554 [info] > git cat-file -s c97fac9acfe35064481c406bc0da6ce08214652e [1ms]
2024-12-01 20:12:34.637 [info] > git show --textconv :_includes/article-list.html [5ms]
2024-12-01 20:12:34.638 [info] > git ls-files --stage -- /home/a7z1lu7h/d35kT0p/r3p0s/47z1Lu7h.github.io/_includes/article-list.html [1ms]
2024-12-01 20:12:34.643 [info] > git cat-file -s dfe0c85f5877794ab6be22ff3e26c2a55a6aa525 [1ms]
2024-12-01 20:12:37.252 [info] > git show --textconv :_includes/analytics.html [6ms]
2024-12-01 20:12:37.252 [info] > git ls-files --stage -- /home/a7z1lu7h/d35kT0p/r3p0s/47z1Lu7h.github.io/_includes/analytics.html [0ms]
2024-12-01 20:12:37.258 [info] > git cat-file -s 46ba91d03337d8bf025ffd7a67dbbc4de6b44059 [1ms]
2024-12-01 20:12:38.921 [info] > git check-ignore -v -z --stdin [1ms]
2024-12-01 20:12:43.079 [info] > git show --textconv :_includes/sidebar/toc.html [6ms]
2024-12-01 20:12:43.079 [info] > git ls-files --stage -- /home/a7z1lu7h/d35kT0p/r3p0s/47z1Lu7h.github.io/_includes/sidebar/toc.html [0ms]
2024-12-01 20:12:43.085 [info] > git cat-file -s 4e3469e16ca8a3180edce967b126a83582a5f4e1 [1ms]
2024-12-01 20:12:50.824 [info] > git check-ignore -v -z --stdin [1ms]
2024-12-01 20:12:51.495 [info] > git show --textconv :_includes/head/custom.html [6ms]
2024-12-01 20:12:51.495 [info] > git ls-files --stage -- /home/a7z1lu7h/d35kT0p/r3p0s/47z1Lu7h.github.io/_includes/head/custom.html [1ms]
2024-12-01 20:12:51.500 [info] > git cat-file -s 33b150873823ae6ad868bfec2b207ac7e8c3761e [1ms]
2024-12-01 20:12:54.069 [info] > git show --textconv :_includes/head/favicon.html [6ms]
2024-12-01 20:12:54.069 [info] > git ls-files --stage -- /home/a7z1lu7h/d35kT0p/r3p0s/47z1Lu7h.github.io/_includes/head/favicon.html [1ms]
2024-12-01 20:12:54.075 [info] > git cat-file -s d383bfc01b5d0202fcd451f2933e1386d68da5cd [1ms]
2024-12-01 20:12:55.854 [info] > git check-ignore -v -z --stdin [0ms]
2024-12-01 20:12:56.653 [info] > git check-ignore -v -z --stdin [1ms]
2024-12-01 20:12:57.044 [info] > git show --textconv :_includes/main/bottom/custom.html [7ms]
2024-12-01 20:12:57.044 [info] > git ls-files --stage -- /home/a7z1lu7h/d35kT0p/r3p0s/47z1Lu7h.github.io/_includes/main/bottom/custom.html [1ms]
2024-12-01 20:12:57.050 [info] > git cat-file -s b19da2f2f3e3f3fac3cc6c83eb18b69d7aa16cfb [1ms]
2024-12-01 20:12:58.626 [info] > git check-ignore -v -z --stdin [1ms]
2024-12-01 20:12:58.913 [info] > git show --textconv :_includes/main/top/custom.html [6ms]
2024-12-01 20:12:58.913 [info] > git ls-files --stage -- /home/a7z1lu7h/d35kT0p/r3p0s/47z1Lu7h.github.io/_includes/main/top/custom.html [1ms]
2024-12-01 20:12:58.919 [info] > git cat-file -s 0bf5951b9d00950c7260c4aae378e91b95ff9cc8 [1ms]
2024-12-01 20:13:05.021 [info] > git check-ignore -v -z --stdin [0ms]
2024-12-01 20:13:05.966 [info] > git show --textconv :_includes/article/footer/author-profile.html [5ms]
2024-12-01 20:13:05.967 [info] > git ls-files --stage -- /home/a7z1lu7h/d35kT0p/r3p0s/47z1Lu7h.github.io/_includes/article/footer/author-profile.html [1ms]
2024-12-01 20:13:05.973 [info] > git cat-file -s 8b0d72d585bc1d8ddfc415f657cd0895b1f1bac8 [1ms]
2024-12-01 20:13:07.377 [info] > git show --textconv :_includes/article/footer/custom.html [5ms]
2024-12-01 20:13:07.378 [info] > git ls-files --stage -- /home/a7z1lu7h/d35kT0p/r3p0s/47z1Lu7h.github.io/_includes/article/footer/custom.html [1ms]
2024-12-01 20:13:07.383 [info] > git cat-file -s edcd06d843b6fb37405e60f81d013faf785d8bba [1ms]
2024-12-01 20:13:08.426 [info] > git show --textconv :_includes/article/footer/license.html [6ms]
2024-12-01 20:13:08.427 [info] > git ls-files --stage -- /home/a7z1lu7h/d35kT0p/r3p0s/47z1Lu7h.github.io/_includes/article/footer/license.html [1ms]
2024-12-01 20:13:08.433 [info] > git cat-file -s a2c1535e0cae8bfcafc82a92aacb974dd2c76f1a [1ms]
2024-12-01 20:13:10.261 [info] > git show --textconv :_includes/article/footer/subscribe.html [6ms]
2024-12-01 20:13:10.261 [info] > git ls-files --stage -- /home/a7z1lu7h/d35kT0p/r3p0s/47z1Lu7h.github.io/_includes/article/footer/subscribe.html [1ms]
2024-12-01 20:13:10.267 [info] > git cat-file -s cb9a169a9014834fbae59a3a6275f58530a14d77 [1ms]
2024-12-01 20:13:18.214 [info] > git show --textconv :_layouts/home.html [6ms]
2024-12-01 20:13:18.215 [info] > git ls-files --stage -- /home/a7z1lu7h/d35kT0p/r3p0s/47z1Lu7h.github.io/_layouts/home.html [1ms]
2024-12-01 20:13:18.220 [info] > git cat-file -s 553cc5afd4bc8346471293b5eb0a3e8dfd27afc5 [0ms]
2024-12-01 20:13:21.902 [info] > git show --textconv :_layouts/archive.html [5ms]
2024-12-01 20:13:21.903 [info] > git ls-files --stage -- /home/a7z1lu7h/d35kT0p/r3p0s/47z1Lu7h.github.io/_layouts/archive.html [1ms]
2024-12-01 20:13:21.908 [info] > git cat-file -s 82a04a37aa6618aa798c549b44f6f3f820a84b26 [1ms]
2024-12-01 20:13:46.137 [info] > git show --textconv :docs/_sample_articles/1.1-brief.md [5ms]
2024-12-01 20:13:46.138 [info] > git ls-files --stage -- /home/a7z1lu7h/d35kT0p/r3p0s/47z1Lu7h.github.io/docs/_sample_articles/1.1-brief.md [1ms]
2024-12-01 20:13:46.143 [info] > git cat-file -s 455f13d6f7de8bbcd26cf64fd3f22ff105fa95cc [1ms]
2024-12-01 20:13:47.951 [info] > git show --textconv :docs/_sample_articles/2.1-item-excerpt-readmore-info.md [5ms]
2024-12-01 20:13:47.952 [info] > git ls-files --stage -- /home/a7z1lu7h/d35kT0p/r3p0s/47z1Lu7h.github.io/docs/_sample_articles/2.1-item-excerpt-readmore-info.md [1ms]
2024-12-01 20:13:47.957 [info] > git cat-file -s 52be54ad7b529ce7dffd38f09cd9f0bb057b231a [0ms]
2024-12-01 20:13:52.881 [info] > git check-ignore -v -z --stdin [0ms]
2024-12-01 20:14:09.316 [info] > git show --textconv :_posts/2018-06-01-header-image.md [6ms]
2024-12-01 20:14:09.317 [info] > git ls-files --stage -- /home/a7z1lu7h/d35kT0p/r3p0s/47z1Lu7h.github.io/_posts/2018-06-01-header-image.md [1ms]
2024-12-01 20:14:09.322 [info] > git cat-file -s 82a13c4d660f7f0ced876f870cf9323e1b48fe45 [1ms]
2024-12-01 20:14:14.215 [info] > git show --textconv :_posts/2018-07-01-welcome.md [6ms]
2024-12-01 20:14:14.215 [info] > git ls-files --stage -- /home/a7z1lu7h/d35kT0p/r3p0s/47z1Lu7h.github.io/_posts/2018-07-01-welcome.md [1ms]
2024-12-01 20:14:14.221 [info] > git cat-file -s 5760d9c42617f0f420042da7ba048804a7319b0d [1ms]
2024-12-01 20:14:16.526 [info] > git show --textconv :_posts/2024-01-12-How-to-play-in-htb.md [5ms]
2024-12-01 20:14:16.527 [info] > git ls-files --stage -- /home/a7z1lu7h/d35kT0p/r3p0s/47z1Lu7h.github.io/_posts/2024-01-12-How-to-play-in-htb.md [1ms]
2024-12-01 20:14:16.533 [info] > git cat-file -s 98bf8e138204bd7b555c8313df3ef09dee520250 [1ms]
2024-12-01 20:14:17.114 [info] > git show --textconv :_posts/2018-07-01-welcome.md [6ms]
2024-12-01 20:14:17.114 [info] > git ls-files --stage -- /home/a7z1lu7h/d35kT0p/r3p0s/47z1Lu7h.github.io/_posts/2018-07-01-welcome.md [1ms]
2024-12-01 20:14:17.119 [info] > git cat-file -s 5760d9c42617f0f420042da7ba048804a7319b0d [1ms]
