2024-12-03 19:53:10.895 [info] Added views:outline in workbench.view.explorer
2024-12-03 19:53:10.895 [info] Added views:workbench.view.search in workbench.view.search
2024-12-03 19:53:10.895 [info] Added views:workbench.scm in workbench.view.scm
2024-12-03 19:53:10.895 [info] Added views:workbench.panel.markers.view in workbench.panel.markers
2024-12-03 19:53:10.895 [info] Added views:workbench.panel.output in workbench.panel.output
2024-12-03 19:53:10.895 [info] Added views:terminal in terminal
2024-12-03 19:53:10.895 [info] Added views:timeline in workbench.view.explorer
2024-12-03 19:53:10.895 [info] Added views:workbench.explorer.fileView in workbench.view.explorer
2024-12-03 19:53:11.161 [info] Added views:github.codespaces.explorer in workbench.view.remote
2024-12-03 19:53:11.161 [info] Added views:github-actions.empty-view in workbench.view.extension.github-actions
2024-12-03 19:53:11.162 [info] Added views:pr:github,issues:github in workbench.view.extension.github-pull-requests
2024-12-03 19:53:11.163 [info] Added views:githubRepoMgr.views.account,githubRepoMgr.views.repositories in workbench.view.extension.githubRepoMgr
2024-12-03 19:53:11.163 [info] Added views:remoteHub.views.workspaceRepositories in workbench.view.remote
2024-12-03 19:53:11.282 [info] Added views:workbench.debug.variablesView,workbench.debug.watchExpressionsView,workbench.debug.callStackView,workbench.debug.breakPointsView in workbench.view.debug
2024-12-03 19:53:11.298 [info] Added views:workbench.panel.repl.view in workbench.panel.repl
2024-12-03 19:53:11.299 [info] Removed views:workbench.debug.breakPointsView,workbench.debug.callStackView,workbench.debug.watchExpressionsView,workbench.debug.variablesView from workbench.view.debug
2024-12-03 19:53:11.299 [info] Added views:workbench.debug.welcome in workbench.view.debug
2024-12-03 19:53:11.390 [info] Added views:~remote.forwardedPorts in ~remote.forwardedPortsContainer
2024-12-03 19:53:11.559 [info] Added views:workbench.scm.history in workbench.view.scm
2024-12-03 19:53:12.336 [info] Removed views:github-actions.empty-view from workbench.view.extension.github-actions
2024-12-03 19:53:12.336 [info] Added views:github-actions.current-branch,github-actions.workflows,github-actions.settings in workbench.view.extension.github-actions
2024-12-03 19:53:12.667 [info] Added views:workbench.panel.comments in workbench.panel.comments
2024-12-03 19:53:13.442 [info] Added views:github:activePullRequest:welcome in workbench.view.extension.github-pull-request
2024-12-03 19:53:13.663 [info] Removed views:github:activePullRequest:welcome from workbench.view.extension.github-pull-request
