2024-12-02 21:00:06.986 [info] Started local extension host with pid 94856.
2024-12-02 21:00:07.655 [info] Settings Sync: Updating due to initialize
2024-12-02 21:00:07.655 [info] Settings Sync: Updating authentication providers. Authentication Providers from store: [{"id":"github","scopes":["user:email"]},{"id":"microsoft","scopes":["openid","profile","email","offline_access"]}]
2024-12-02 21:00:07.655 [info] Settings Sync: Authentication providers updated ["github","microsoft"]
2024-12-02 21:00:07.910 [info] Settings Sync: Updating authentication providers. Authentication Providers from store: [{"id":"github","scopes":["user:email"]},{"id":"microsoft","scopes":["openid","profile","email","offline_access"]}]
2024-12-02 21:00:07.910 [info] Settings Sync: Authentication providers updated ["github","microsoft"]
2024-12-02 21:00:09.649 [info] [perf] Render performance baseline is 16ms
2024-12-02 21:22:18.214 [error] No default agent registered: CodeExpectedError: No default agent registered
    at MUe.R (vscode-file://vscode-app/usr/share/code/resources/app/out/vs/workbench/workbench.desktop.main.js:1938:25036)
2024-12-02 21:25:05.484 [info] Settings Sync: Updating due to change in sessions
2024-12-02 21:25:05.484 [info] Settings Sync: Updating authentication providers. Authentication Providers from store: [{"id":"github","scopes":["user:email"]},{"id":"microsoft","scopes":["openid","profile","email","offline_access"]}]
2024-12-02 21:25:05.484 [info] Settings Sync: Authentication providers updated ["github","microsoft"]
2024-12-02 21:25:05.485 [info] Settings Sync: Updating due to change in sessions
2024-12-02 21:25:05.485 [info] Settings Sync: Updating authentication providers. Authentication Providers from store: [{"id":"github","scopes":["user:email"]},{"id":"microsoft","scopes":["openid","profile","email","offline_access"]}]
2024-12-02 21:25:05.485 [info] Settings Sync: Authentication providers updated ["github","microsoft"]
2024-12-02 21:26:18.088 [info] Started local extension host with pid 135868.
2024-12-02 21:26:18.575 [info] Settings Sync: Updating authentication providers. Authentication Providers from store: [{"id":"github","scopes":["user:email"]},{"id":"microsoft","scopes":["openid","profile","email","offline_access"]}]
2024-12-02 21:26:18.575 [info] Settings Sync: Authentication providers updated ["github","microsoft"]
2024-12-02 21:26:18.780 [error] No registered selector for ID: ms-vscode.npm-command
2024-12-02 21:27:09.317 [info] Settings Sync: Updating due to change in sessions
2024-12-02 21:27:09.318 [info] Settings Sync: Updating authentication providers. Authentication Providers from store: [{"id":"github","scopes":["user:email"]},{"id":"microsoft","scopes":["openid","profile","email","offline_access"]}]
2024-12-02 21:27:09.318 [info] Settings Sync: Authentication providers updated ["github","microsoft"]
2024-12-02 21:27:09.318 [info] Settings Sync: Updating due to change in sessions
2024-12-02 21:27:09.319 [info] Settings Sync: Updating authentication providers. Authentication Providers from store: [{"id":"github","scopes":["user:email"]},{"id":"microsoft","scopes":["openid","profile","email","offline_access"]}]
2024-12-02 21:27:09.319 [info] Settings Sync: Authentication providers updated ["github","microsoft"]
2024-12-02 21:27:47.869 [error] User did not consent to login.: Error: User did not consent to login.
    at K6t.w (vscode-file://vscode-app/usr/share/code/resources/app/out/vs/workbench/workbench.desktop.main.js:649:64454)
    at async K6t.$getSession (vscode-file://vscode-app/usr/share/code/resources/app/out/vs/workbench/workbench.desktop.main.js:649:65158)
2024-12-02 21:30:47.552 [info] Settings Sync: Updating due to change in sessions
2024-12-02 21:30:47.553 [info] Settings Sync: Updating authentication providers. Authentication Providers from store: [{"id":"github","scopes":["user:email"]},{"id":"microsoft","scopes":["openid","profile","email","offline_access"]}]
2024-12-02 21:30:47.553 [info] Settings Sync: Authentication providers updated ["github","microsoft"]
2024-12-02 21:30:47.554 [info] Settings Sync: Updating due to change in sessions
2024-12-02 21:30:47.555 [info] Settings Sync: Updating authentication providers. Authentication Providers from store: [{"id":"github","scopes":["user:email"]},{"id":"microsoft","scopes":["openid","profile","email","offline_access"]}]
2024-12-02 21:30:47.555 [info] Settings Sync: Authentication providers updated ["github","microsoft"]
2024-12-02 21:31:25.164 [info] Settings Sync: Updating due to change in sessions
2024-12-02 21:31:25.178 [info] Settings Sync: Updating authentication providers. Authentication Providers from store: [{"id":"github","scopes":["user:email"]},{"id":"microsoft","scopes":["openid","profile","email","offline_access"]}]
2024-12-02 21:31:25.178 [info] Settings Sync: Authentication providers updated ["github","microsoft"]
2024-12-02 21:31:25.180 [info] Settings Sync: Updating due to change in sessions
2024-12-02 21:31:25.180 [info] Settings Sync: Updating authentication providers. Authentication Providers from store: [{"id":"github","scopes":["user:email"]},{"id":"microsoft","scopes":["openid","profile","email","offline_access"]}]
2024-12-02 21:31:25.180 [info] Settings Sync: Authentication providers updated ["github","microsoft"]
2024-12-02 21:32:16.213 [error] [network] #72: https://marketplace.visualstudio.com/_apis/public/gallery/extensionquery - error POST Canceled
2024-12-02 21:33:33.060 [error] [network] #94: https://marketplace.visualstudio.com/_apis/public/gallery/extensionquery - error POST Canceled
2024-12-02 21:34:36.650 [warning] [backup tracker] suspended, ignoring unregister event vscode-userdata:/home/a7z1lu7h/.config/Code/User/settings.json 
