2024-12-02 21:00:07.949 [info] Reading sessions from keychain...
2024-12-02 21:00:07.949 [info] Getting sessions for all scopes...
2024-12-02 21:00:07.949 [info] Getting sessions for all scopes...
2024-12-02 21:00:07.949 [info] Getting sessions for all scopes...
2024-12-02 21:00:07.949 [info] Got 0 sessions for ...
2024-12-02 21:00:07.949 [info] Got 0 sessions for ...
2024-12-02 21:00:07.949 [info] Got 0 sessions for ...
2024-12-02 21:00:07.949 [info] Getting sessions for read:user,repo,user:email,workflow...
2024-12-02 21:00:07.949 [info] Got 0 sessions for read:user,repo,user:email,workflow...
2024-12-02 21:00:09.511 [info] Getting sessions for all scopes...
2024-12-02 21:00:09.511 [info] Got 0 sessions for ...
2024-12-02 21:22:17.987 [info] Getting sessions for all scopes...
2024-12-02 21:22:17.987 [info] Got 0 sessions for ...
2024-12-02 21:22:17.987 [info] Getting sessions for all scopes...
2024-12-02 21:22:17.987 [info] Got 0 sessions for ...
2024-12-02 21:22:17.988 [info] Getting sessions for read:user,repo,user:email,workflow...
2024-12-02 21:22:17.988 [info] Got 0 sessions for read:user,repo,user:email,workflow...
2024-12-02 21:22:17.994 [info] Getting sessions for user:email...
2024-12-02 21:22:17.994 [info] Got 0 sessions for user:email...
2024-12-02 21:22:17.994 [info] Getting sessions for read:user,repo,user:email,workflow...
2024-12-02 21:22:17.994 [info] Got 0 sessions for read:user,repo,user:email,workflow...
2024-12-02 21:22:17.994 [info] Getting sessions for read:user...
2024-12-02 21:22:17.994 [info] Got 0 sessions for read:user...
2024-12-02 21:22:17.995 [info] Getting sessions for all scopes...
2024-12-02 21:22:17.995 [info] Got 0 sessions for ...
2024-12-02 21:22:17.995 [info] Getting sessions for user:email...
2024-12-02 21:22:17.995 [info] Got 0 sessions for user:email...
2024-12-02 21:22:18.035 [info] Getting sessions for user:email...
2024-12-02 21:22:18.035 [info] Got 0 sessions for user:email...
2024-12-02 21:22:18.036 [info] Getting sessions for all scopes...
2024-12-02 21:22:18.036 [info] Got 0 sessions for ...
2024-12-02 21:22:18.037 [info] Getting sessions for user:email...
2024-12-02 21:22:18.037 [info] Got 0 sessions for user:email...
2024-12-02 21:22:18.199 [info] Getting sessions for all scopes...
2024-12-02 21:22:18.199 [info] Got 0 sessions for ...
2024-12-02 21:22:18.200 [info] Getting sessions for user:email...
2024-12-02 21:22:18.200 [info] Got 0 sessions for user:email...
2024-12-02 21:22:18.200 [info] Getting sessions for all scopes...
2024-12-02 21:22:18.200 [info] Got 0 sessions for ...
2024-12-02 21:22:18.201 [info] Getting sessions for user:email...
2024-12-02 21:22:18.201 [info] Got 0 sessions for user:email...
2024-12-02 21:23:37.553 [info] Getting sessions for read:org,repo...
2024-12-02 21:23:37.553 [info] Got 0 sessions for read:org,repo...
2024-12-02 21:23:57.634 [info] Getting sessions for project,read:org,read:user,repo,user:email,workflow...
2024-12-02 21:23:57.634 [info] Got 0 sessions for project,read:org,read:user,repo,user:email,workflow...
2024-12-02 21:23:57.635 [info] Getting sessions for read:user,repo,user:email,workflow...
2024-12-02 21:23:57.635 [info] Got 0 sessions for read:user,repo,user:email,workflow...
2024-12-02 21:23:57.636 [info] Getting sessions for read:user,repo,user:email...
2024-12-02 21:23:57.636 [info] Got 0 sessions for read:user,repo,user:email...
2024-12-02 21:23:57.636 [info] Getting sessions for read:user,repo,user:email,workflow...
2024-12-02 21:23:57.636 [info] Got 0 sessions for read:user,repo,user:email,workflow...
2024-12-02 21:24:04.779 [info] Getting sessions for all scopes...
2024-12-02 21:24:04.779 [info] Got 0 sessions for ...
2024-12-02 21:24:04.780 [info] Getting sessions for user:email...
2024-12-02 21:24:04.780 [info] Got 0 sessions for user:email...
2024-12-02 21:24:07.081 [info] Logging in with 'any' account...
2024-12-02 21:24:07.081 [info] Logging in for the following scopes: user:email
2024-12-02 21:24:07.082 [info] Trying without local server... (user:email)
2024-12-02 21:24:35.029 [info] Exchanging code for token...
2024-12-02 21:24:35.421 [info] Token exchange success!
2024-12-02 21:24:35.422 [info] Getting user info...
2024-12-02 21:24:35.939 [info] Got account info!
2024-12-02 21:24:35.940 [info] Storing 1 sessions...
2024-12-02 21:25:05.483 [info] Reading sessions from keychain...
2024-12-02 21:25:05.483 [info] Stored 1 sessions!
2024-12-02 21:25:05.483 [info] Login success!
2024-12-02 21:25:05.486 [info] Got stored sessions!
2024-12-02 21:25:05.486 [info] Got 1 verified sessions.
2024-12-02 21:25:05.487 [info] Getting sessions for read:user,repo,user:email,workflow...
2024-12-02 21:25:05.487 [info] Got 0 sessions for read:user,repo,user:email,workflow...
2024-12-02 21:25:05.487 [info] Getting sessions for all scopes...
2024-12-02 21:25:05.487 [info] Got 1 sessions for ...
2024-12-02 21:25:05.488 [info] Getting sessions for all scopes...
2024-12-02 21:25:05.488 [info] Got 1 sessions for ...
2024-12-02 21:25:05.488 [info] Getting sessions for read:user,repo,user:email,workflow...
2024-12-02 21:25:05.488 [info] Got 0 sessions for read:user,repo,user:email,workflow...
2024-12-02 21:25:05.488 [info] Getting sessions for project,read:org,read:user,repo,user:email,workflow...
2024-12-02 21:25:05.488 [info] Got 0 sessions for project,read:org,read:user,repo,user:email,workflow...
2024-12-02 21:25:05.488 [info] Getting sessions for read:user,repo,user:email,workflow...
2024-12-02 21:25:05.488 [info] Got 0 sessions for read:user,repo,user:email,workflow...
2024-12-02 21:25:05.488 [info] Getting sessions for read:user...
2024-12-02 21:25:05.488 [info] Got 0 sessions for read:user...
2024-12-02 21:25:05.488 [info] Getting sessions for read:user,repo,user:email,workflow...
2024-12-02 21:25:05.488 [info] Got 0 sessions for read:user,repo,user:email,workflow...
2024-12-02 21:25:05.489 [info] Getting sessions for user:email...
2024-12-02 21:25:05.489 [info] Got 1 sessions for user:email...
2024-12-02 21:25:05.489 [info] Getting sessions for user:email...
2024-12-02 21:25:05.489 [info] Got 1 sessions for user:email...
2024-12-02 21:25:05.489 [info] Getting sessions for read:user,repo,user:email...
2024-12-02 21:25:05.489 [info] Got 0 sessions for read:user,repo,user:email...
2024-12-02 21:25:05.490 [info] Getting sessions for all scopes...
2024-12-02 21:25:05.490 [info] Got 1 sessions for ...
2024-12-02 21:25:05.490 [info] Getting sessions for read:user,repo,user:email,workflow...
2024-12-02 21:25:05.490 [info] Got 0 sessions for read:user,repo,user:email,workflow...
2024-12-02 21:25:05.490 [info] Getting sessions for read:user,repo,user:email,workflow...
2024-12-02 21:25:05.490 [info] Got 0 sessions for read:user,repo,user:email,workflow...
2024-12-02 21:25:05.491 [info] Getting sessions for read:user,repo,user:email,workflow...
2024-12-02 21:25:05.491 [info] Got 0 sessions for read:user,repo,user:email,workflow...
2024-12-02 21:25:05.491 [info] Getting sessions for read:user...
2024-12-02 21:25:05.491 [info] Got 0 sessions for read:user...
2024-12-02 21:25:05.491 [info] Getting sessions for project,read:org,read:user,repo,user:email,workflow...
2024-12-02 21:25:05.491 [info] Got 0 sessions for project,read:org,read:user,repo,user:email,workflow...
2024-12-02 21:25:05.492 [info] Getting sessions for user:email...
2024-12-02 21:25:05.492 [info] Got 1 sessions for user:email...
2024-12-02 21:25:05.492 [info] Getting sessions for user:email...
2024-12-02 21:25:05.492 [info] Got 1 sessions for user:email...
2024-12-02 21:25:05.492 [info] Getting sessions for read:user,repo,user:email,workflow...
2024-12-02 21:25:05.492 [info] Got 0 sessions for read:user,repo,user:email,workflow...
2024-12-02 21:25:05.503 [info] Getting sessions for all scopes...
2024-12-02 21:25:05.503 [info] Got 1 sessions for ...
2024-12-02 21:25:05.503 [info] Getting sessions for read:user,repo,user:email...
2024-12-02 21:25:05.503 [info] Got 0 sessions for read:user,repo,user:email...
2024-12-02 21:25:05.505 [info] Getting sessions for read:user,repo,user:email,workflow...
2024-12-02 21:25:05.505 [info] Got 0 sessions for read:user,repo,user:email,workflow...
2024-12-02 21:25:05.506 [info] Getting sessions for read:user,repo,user:email,workflow...
2024-12-02 21:25:05.506 [info] Got 0 sessions for read:user,repo,user:email,workflow...
2024-12-02 21:25:05.524 [info] Getting sessions for user:email...
2024-12-02 21:25:05.525 [info] Got 1 sessions for user:email...
2024-12-02 21:25:05.898 [info] Getting sessions for all scopes...
2024-12-02 21:25:05.898 [info] Got 1 sessions for ...
2024-12-02 21:25:05.899 [info] Getting sessions for read:user,repo,user:email,workflow...
2024-12-02 21:25:05.899 [info] Got 0 sessions for read:user,repo,user:email,workflow...
2024-12-02 21:25:05.900 [info] Getting sessions for user:email...
2024-12-02 21:25:05.900 [info] Got 1 sessions for user:email...
2024-12-02 21:25:05.900 [info] Getting sessions for all scopes...
2024-12-02 21:25:05.900 [info] Got 1 sessions for ...
2024-12-02 21:25:05.901 [info] Getting sessions for read:user,repo,user:email,workflow...
2024-12-02 21:25:05.901 [info] Got 0 sessions for read:user,repo,user:email,workflow...
2024-12-02 21:25:05.901 [info] Getting sessions for user:email...
2024-12-02 21:25:05.901 [info] Got 1 sessions for user:email...
2024-12-02 21:26:18.764 [info] Reading sessions from keychain...
2024-12-02 21:26:18.764 [info] Getting sessions for all scopes...
2024-12-02 21:26:18.764 [info] Getting sessions for all scopes...
2024-12-02 21:26:18.764 [info] Getting sessions for all scopes...
2024-12-02 21:26:18.764 [info] Got stored sessions!
2024-12-02 21:26:18.764 [info] Got 1 verified sessions.
2024-12-02 21:26:18.764 [info] Got 1 sessions for ...
2024-12-02 21:26:18.764 [info] Got 1 sessions for ...
2024-12-02 21:26:18.764 [info] Got 1 sessions for ...
2024-12-02 21:26:19.158 [info] Getting sessions for read:org,repo...
2024-12-02 21:26:19.158 [info] Got 0 sessions for read:org,repo...
2024-12-02 21:26:19.169 [info] Getting sessions for project,read:org,read:user,repo,user:email,workflow...
2024-12-02 21:26:19.169 [info] Got 0 sessions for project,read:org,read:user,repo,user:email,workflow...
2024-12-02 21:26:19.179 [info] Getting sessions for read:user,repo,user:email,workflow...
2024-12-02 21:26:19.179 [info] Got 0 sessions for read:user,repo,user:email,workflow...
2024-12-02 21:26:19.179 [info] Getting sessions for read:user,repo,user:email,workflow...
2024-12-02 21:26:19.179 [info] Got 0 sessions for read:user,repo,user:email,workflow...
2024-12-02 21:26:19.180 [info] Getting sessions for read:user,repo,user:email...
2024-12-02 21:26:19.180 [info] Got 0 sessions for read:user,repo,user:email...
2024-12-02 21:26:19.180 [info] Getting sessions for read:user,repo,user:email,workflow...
2024-12-02 21:26:19.180 [info] Got 0 sessions for read:user,repo,user:email,workflow...
2024-12-02 21:26:35.480 [info] Getting sessions for project,read:org,read:user,repo,user:email,workflow...
2024-12-02 21:26:35.480 [info] Got 0 sessions for project,read:org,read:user,repo,user:email,workflow...
2024-12-02 21:26:35.481 [info] Getting sessions for read:user,repo,user:email,workflow...
2024-12-02 21:26:35.481 [info] Got 0 sessions for read:user,repo,user:email,workflow...
2024-12-02 21:26:35.482 [info] Getting sessions for read:user,repo,user:email...
2024-12-02 21:26:35.482 [info] Got 0 sessions for read:user,repo,user:email...
2024-12-02 21:26:35.482 [info] Getting sessions for read:user,repo,user:email,workflow...
2024-12-02 21:26:35.482 [info] Got 0 sessions for read:user,repo,user:email,workflow...
2024-12-02 21:27:01.568 [info] Logging in with 'any' account...
2024-12-02 21:27:01.568 [info] Logging in for the following scopes: read:user repo user:email workflow
2024-12-02 21:27:01.570 [info] Trying without local server... (read:user repo user:email workflow)
2024-12-02 21:27:08.492 [info] Exchanging code for token...
2024-12-02 21:27:08.869 [info] Token exchange success!
2024-12-02 21:27:08.869 [info] Getting user info...
2024-12-02 21:27:09.316 [info] Got account info!
2024-12-02 21:27:09.316 [info] Storing 2 sessions...
2024-12-02 21:27:09.317 [info] Reading sessions from keychain...
2024-12-02 21:27:09.317 [info] Stored 2 sessions!
2024-12-02 21:27:09.317 [info] Login success!
2024-12-02 21:27:09.318 [info] Got stored sessions!
2024-12-02 21:27:09.318 [info] Got 2 verified sessions.
2024-12-02 21:27:09.330 [info] Getting sessions for project,read:org,read:user,repo,user:email,workflow...
2024-12-02 21:27:09.330 [info] Got 0 sessions for project,read:org,read:user,repo,user:email,workflow...
2024-12-02 21:27:09.330 [info] Getting sessions for read:user,repo,user:email,workflow...
2024-12-02 21:27:09.330 [info] Got 1 sessions for read:user,repo,user:email,workflow...
2024-12-02 21:27:09.340 [info] Getting sessions for read:user,repo,user:email,workflow...
2024-12-02 21:27:09.340 [info] Got 1 sessions for read:user,repo,user:email,workflow...
2024-12-02 21:27:09.776 [info] Getting sessions for read:user,repo,user:email,workflow...
2024-12-02 21:27:09.776 [info] Got 1 sessions for read:user,repo,user:email,workflow...
2024-12-02 21:27:09.821 [info] Getting sessions for read:user,repo,user:email,workflow...
2024-12-02 21:27:09.821 [info] Got 1 sessions for read:user,repo,user:email,workflow...
2024-12-02 21:27:13.021 [info] Getting sessions for codespace,read:user,repo,user:email...
2024-12-02 21:27:13.021 [info] Got 0 sessions for codespace,read:user,repo,user:email...
2024-12-02 21:27:13.090 [info] Getting sessions for codespace,read:user,repo,user:email...
2024-12-02 21:27:13.090 [info] Got 0 sessions for codespace,read:user,repo,user:email...
2024-12-02 21:27:42.687 [info] Getting sessions for repo,workflow...
2024-12-02 21:27:42.687 [info] Got 0 sessions for repo,workflow...
2024-12-02 21:27:42.695 [info] Getting sessions for repo,workflow...
2024-12-02 21:27:42.695 [info] Got 0 sessions for repo,workflow...
2024-12-02 21:27:42.708 [info] Getting sessions for repo,workflow...
2024-12-02 21:27:42.708 [info] Got 0 sessions for repo,workflow...
2024-12-02 21:27:42.711 [info] Getting sessions for repo,workflow...
2024-12-02 21:27:42.711 [info] Got 0 sessions for repo,workflow...
2024-12-02 21:27:45.324 [info] Getting sessions for repo,workflow...
2024-12-02 21:27:45.324 [info] Got 0 sessions for repo,workflow...
2024-12-02 21:27:57.163 [info] Getting sessions for read:org,repo...
2024-12-02 21:27:57.163 [info] Got 0 sessions for read:org,repo...
2024-12-02 21:29:53.935 [info] Logging in with 'any' account...
2024-12-02 21:29:53.935 [info] Logging in for the following scopes: read:org repo
2024-12-02 21:29:53.935 [info] Trying without local server... (read:org repo)
2024-12-02 21:30:46.745 [info] Exchanging code for token...
2024-12-02 21:30:47.114 [info] Token exchange success!
2024-12-02 21:30:47.114 [info] Getting user info...
2024-12-02 21:30:47.550 [info] Got account info!
2024-12-02 21:30:47.550 [info] Storing 3 sessions...
2024-12-02 21:30:47.552 [info] Reading sessions from keychain...
2024-12-02 21:30:47.552 [info] Stored 3 sessions!
2024-12-02 21:30:47.552 [info] Login success!
2024-12-02 21:30:47.567 [info] Got stored sessions!
2024-12-02 21:30:47.567 [info] Got 3 verified sessions.
2024-12-02 21:30:47.567 [info] Getting sessions for read:user,repo,user:email,workflow...
2024-12-02 21:30:47.568 [info] Got 1 sessions for read:user,repo,user:email,workflow...
2024-12-02 21:30:47.568 [info] Getting sessions for read:user,repo,user:email,workflow...
2024-12-02 21:30:47.568 [info] Got 1 sessions for read:user,repo,user:email,workflow...
2024-12-02 21:30:47.568 [info] Getting sessions for codespace,read:user,repo,user:email...
2024-12-02 21:30:47.568 [info] Got 0 sessions for codespace,read:user,repo,user:email...
2024-12-02 21:30:47.992 [info] Getting sessions for read:user,repo,user:email,workflow...
2024-12-02 21:30:47.992 [info] Got 1 sessions for read:user,repo,user:email,workflow...
2024-12-02 21:30:48.008 [info] Getting sessions for read:user,repo,user:email,workflow...
2024-12-02 21:30:48.008 [info] Got 1 sessions for read:user,repo,user:email,workflow...
2024-12-02 21:30:48.224 [info] Getting sessions for read:user,repo,user:email,workflow...
2024-12-02 21:30:48.224 [info] Got 1 sessions for read:user,repo,user:email,workflow...
2024-12-02 21:30:48.251 [info] Getting sessions for read:user,repo,user:email,workflow...
2024-12-02 21:30:48.251 [info] Got 1 sessions for read:user,repo,user:email,workflow...
2024-12-02 21:31:18.418 [info] Getting sessions for repo,workflow...
2024-12-02 21:31:18.418 [info] Got 0 sessions for repo,workflow...
2024-12-02 21:31:19.944 [info] Logging in with 'any' account...
2024-12-02 21:31:19.944 [info] Logging in for the following scopes: repo workflow
2024-12-02 21:31:19.945 [info] Trying without local server... (repo workflow)
2024-12-02 21:31:24.428 [info] Exchanging code for token...
2024-12-02 21:31:24.759 [info] Token exchange success!
2024-12-02 21:31:24.759 [info] Getting user info...
2024-12-02 21:31:25.162 [info] Got account info!
2024-12-02 21:31:25.162 [info] Storing 4 sessions...
2024-12-02 21:31:25.164 [info] Reading sessions from keychain...
2024-12-02 21:31:25.164 [info] Stored 4 sessions!
2024-12-02 21:31:25.164 [info] Login success!
2024-12-02 21:31:25.181 [info] Got stored sessions!
2024-12-02 21:31:25.181 [info] Got 4 verified sessions.
2024-12-02 21:31:25.183 [info] Getting sessions for read:user,repo,user:email,workflow...
2024-12-02 21:31:25.183 [info] Got 1 sessions for read:user,repo,user:email,workflow...
2024-12-02 21:31:25.183 [info] Getting sessions for read:user,repo,user:email,workflow...
2024-12-02 21:31:25.183 [info] Got 1 sessions for read:user,repo,user:email,workflow...
2024-12-02 21:31:25.183 [info] Getting sessions for codespace,read:user,repo,user:email...
2024-12-02 21:31:25.184 [info] Got 0 sessions for codespace,read:user,repo,user:email...
2024-12-02 21:31:25.186 [info] Getting sessions for repo,workflow...
2024-12-02 21:31:25.186 [info] Got 1 sessions for repo,workflow...
2024-12-02 21:31:25.588 [info] Getting sessions for read:user,repo,user:email,workflow...
2024-12-02 21:31:25.588 [info] Got 1 sessions for read:user,repo,user:email,workflow...
2024-12-02 21:31:25.597 [info] Getting sessions for read:user,repo,user:email,workflow...
2024-12-02 21:31:25.597 [info] Got 1 sessions for read:user,repo,user:email,workflow...
2024-12-02 21:31:25.611 [info] Getting sessions for repo,workflow...
2024-12-02 21:31:25.611 [info] Got 1 sessions for repo,workflow...
2024-12-02 21:31:25.645 [info] Getting sessions for repo,workflow...
2024-12-02 21:31:25.645 [info] Got 1 sessions for repo,workflow...
2024-12-02 21:31:25.843 [info] Getting sessions for read:user,repo,user:email,workflow...
2024-12-02 21:31:25.843 [info] Got 1 sessions for read:user,repo,user:email,workflow...
2024-12-02 21:31:25.874 [info] Getting sessions for read:user,repo,user:email,workflow...
2024-12-02 21:31:25.874 [info] Got 1 sessions for read:user,repo,user:email,workflow...
