2024-12-01 19:02:14.845 [info] [main] Log level: Info
2024-12-01 19:02:14.845 [info] [main] Validating found git in: "git"
2024-12-01 19:02:14.845 [info] [main] Using git "2.45.2" from "git"
2024-12-01 19:02:14.845 [info] [Model][doInitialScan] Initial repository scan started
2024-12-01 19:02:14.845 [info] > git rev-parse --show-toplevel [7ms]
2024-12-01 19:02:14.845 [info] > git rev-parse --git-dir --git-common-dir [1ms]
2024-12-01 19:02:14.845 [info] [Model][openRepository] Opened repository: /home/a7z1lu7h/d35kT0p/r3p0s/jekyll-TeXt-theme
2024-12-01 19:02:14.854 [info] > git config --get commit.template [5ms]
2024-12-01 19:02:14.868 [info] > git rev-parse --show-toplevel [15ms]
2024-12-01 19:02:14.886 [info] > git for-each-ref --format=%(refname)%00%(upstream:short)%00%(objectname)%00%(upstream:track)%00%(upstream:remotename)%00%(upstream:remoteref) refs/heads/master refs/remotes/master [13ms]
2024-12-01 19:02:14.895 [warning] [Git][revParse] Unable to read file: ENOENT: no such file or directory, open '/home/a7z1lu7h/d35kT0p/r3p0s/jekyll-TeXt-theme/.git/refs/remotes/origin/master'
2024-12-01 19:02:14.900 [info] > git rev-parse refs/remotes/origin/master [5ms]
2024-12-01 19:02:14.911 [info] > git status -z -uall [6ms]
2024-12-01 19:02:14.911 [info] > git rev-parse --show-toplevel [11ms]
2024-12-01 19:02:14.915 [info] > git for-each-ref --sort -committerdate --format %(refname) %(objectname) %(*objectname) [5ms]
2024-12-01 19:02:14.928 [info] > git for-each-ref --format=%(refname)%00%(upstream:short)%00%(objectname)%00%(upstream:track)%00%(upstream:remotename)%00%(upstream:remoteref) refs/heads/master refs/remotes/master [6ms]
2024-12-01 19:02:14.933 [info] > git rev-parse --show-toplevel [18ms]
2024-12-01 19:02:14.938 [info] > git config --local branch.master.vscode-merge-base [5ms]
2024-12-01 19:02:14.943 [info] > git config --get commit.template [15ms]
2024-12-01 19:02:14.944 [info] > git for-each-ref --format=%(refname)%00%(upstream:short)%00%(objectname)%00%(upstream:track)%00%(upstream:remotename)%00%(upstream:remoteref) refs/heads/origin/master refs/remotes/origin/master [2ms]
2024-12-01 19:02:14.955 [info] > git rev-parse --show-toplevel [18ms]
2024-12-01 19:02:14.985 [info] > git merge-base refs/heads/master refs/remotes/origin/master [36ms]
2024-12-01 19:02:15.001 [info] > git diff --name-status -z --diff-filter=ADMR 9f199804b57cf4974c8fd27c224b4256f5ad42d8...refs/remotes/origin/master [12ms]
2024-12-01 19:02:15.001 [info] > git rev-parse --show-toplevel [19ms]
2024-12-01 19:02:15.002 [info] > git for-each-ref --format=%(refname)%00%(upstream:short)%00%(objectname)%00%(upstream:track)%00%(upstream:remotename)%00%(upstream:remoteref) refs/heads/master refs/remotes/master [24ms]
2024-12-01 19:02:15.012 [warning] [Git][revParse] Unable to read file: ENOENT: no such file or directory, open '/home/a7z1lu7h/d35kT0p/r3p0s/jekyll-TeXt-theme/.git/refs/remotes/origin/master'
2024-12-01 19:02:15.013 [info] > git rev-parse --show-toplevel [5ms]
2024-12-01 19:02:15.018 [info] > git rev-parse refs/remotes/origin/master [6ms]
2024-12-01 19:02:15.031 [info] > git status -z -uall [9ms]
2024-12-01 19:02:15.031 [info] > git rev-parse --show-toplevel [13ms]
2024-12-01 19:02:15.036 [info] > git for-each-ref --sort -committerdate --format %(refname) %(objectname) %(*objectname) [9ms]
2024-12-01 19:02:15.038 [info] > git rev-parse --show-toplevel [2ms]
2024-12-01 19:02:15.043 [info] > git rev-parse --show-toplevel [0ms]
2024-12-01 19:02:15.048 [info] > git rev-parse --show-toplevel [0ms]
2024-12-01 19:02:15.053 [info] > git rev-parse --show-toplevel [0ms]
2024-12-01 19:02:15.058 [info] > git rev-parse --show-toplevel [1ms]
2024-12-01 19:02:15.063 [info] > git rev-parse --show-toplevel [1ms]
2024-12-01 19:02:15.064 [info] [Model][doInitialScan] Initial repository scan completed - repositories (1), closed repositories (0), parent repositories (0), unsafe repositories (0)
2024-12-01 19:02:15.155 [info] > git show --textconv :docs/_sample_page/1.2-aside.md [5ms]
2024-12-01 19:02:15.156 [info] > git ls-files --stage -- /home/a7z1lu7h/d35kT0p/r3p0s/jekyll-TeXt-theme/docs/_sample_page/1.2-aside.md [1ms]
2024-12-01 19:02:15.161 [info] > git cat-file -s a60ed29d562e0b808b9a808a41d6bb357082002b [1ms]
2024-12-01 19:02:15.350 [info] > git check-ignore -v -z --stdin [1ms]
2024-12-01 19:02:20.762 [info] > git show --textconv :docs/_sample_page/3.1-article-header-overlay-background-fill-immersive-translucent-header.md [6ms]
2024-12-01 19:02:20.762 [info] > git ls-files --stage -- /home/a7z1lu7h/d35kT0p/r3p0s/jekyll-TeXt-theme/docs/_sample_page/3.1-article-header-overlay-background-fill-immersive-translucent-header.md [1ms]
2024-12-01 19:02:20.767 [info] > git cat-file -s db2716494a11c842c29f5ab4b77388215ee2da7c [0ms]
2024-12-01 19:02:35.315 [info] > git check-ignore -v -z --stdin [1ms]
2024-12-01 19:02:39.023 [info] > git show --textconv :docs/_sample_page/3.2-article-header-overlay-background-image-immersive-translucent-header.md [5ms]
2024-12-01 19:02:39.024 [info] > git ls-files --stage -- /home/a7z1lu7h/d35kT0p/r3p0s/jekyll-TeXt-theme/docs/_sample_page/3.2-article-header-overlay-background-image-immersive-translucent-header.md [1ms]
2024-12-01 19:02:39.029 [info] > git cat-file -s 00dcc7e5d0164776bc8ded4395e2612f020abffc [1ms]
2024-12-01 19:03:50.579 [info] > git check-ignore -v -z --stdin [1ms]
2024-12-01 19:03:51.493 [info] > git show --textconv :docs/_sample_page/3.1-article-header-overlay-background-fill-immersive-translucent-header.md [4ms]
2024-12-01 19:03:51.493 [info] > git ls-files --stage -- /home/a7z1lu7h/d35kT0p/r3p0s/jekyll-TeXt-theme/docs/_sample_page/3.1-article-header-overlay-background-fill-immersive-translucent-header.md [1ms]
2024-12-01 19:03:51.498 [info] > git cat-file -s db2716494a11c842c29f5ab4b77388215ee2da7c [1ms]
2024-12-01 19:04:00.155 [info] > git show --textconv :docs/_sample_page/3.2-article-header-overlay-background-image-immersive-translucent-header.md [6ms]
2024-12-01 19:04:00.155 [info] > git ls-files --stage -- /home/a7z1lu7h/d35kT0p/r3p0s/jekyll-TeXt-theme/docs/_sample_page/3.2-article-header-overlay-background-image-immersive-translucent-header.md [1ms]
2024-12-01 19:04:00.160 [info] > git cat-file -s 00dcc7e5d0164776bc8ded4395e2612f020abffc [1ms]
